   0.0000000000000000        6.4000000000000003E-003   8.4327404271156787E-004
   1.0000000000000000        2.3200000000000002E-002   1.0250203250017371E-002
   2.0000000000000000        3.8799999999999994E-002   1.1858424103658220E-002
   3.0000000000000000        5.0400000000000000E-002   1.2029593139882626E-002
   4.0000000000000000        6.5199999999999994E-002   1.1895844279037579E-002
   5.0000000000000000        7.4999999999999997E-002   1.3374935098492587E-002
   6.0000000000000000        8.6399999999999991E-002   1.0741404832598840E-002
   7.0000000000000000        9.4399999999999998E-002   1.3192590513028304E-002
   8.0000000000000000        9.6999999999999989E-002   1.3341664064126336E-002
   9.0000000000000000       0.10880000000000001        1.5583467022599450E-002
   10.000000000000000       0.11520000000000001        1.2191071414039962E-002
   11.000000000000000       0.11920000000000001        1.0031062866028818E-002
   12.000000000000000       0.12439999999999998        1.3091133555875817E-002
   13.000000000000000       0.13519999999999999        1.4972567507871775E-002
   14.000000000000000       0.14319999999999999        1.2585706178041819E-002
   15.000000000000000       0.14699999999999996        1.4884742374510734E-002
   16.000000000000000       0.14699999999999996        1.1479450238481710E-002
   17.000000000000000       0.15319999999999998        1.1003029885748137E-002
   18.000000000000000       0.15759999999999999        7.2295689129205174E-003
   19.000000000000000       0.16160000000000002        1.3721030087667126E-002
   20.000000000000000       0.16660000000000000        9.0455636763123928E-003
   21.000000000000000       0.17019999999999996        1.0475367933076780E-002
   22.000000000000000       0.17259999999999995        1.1852800887928932E-002
   23.000000000000000       0.17399999999999999        1.0913803695829932E-002
   24.000000000000000       0.17799999999999996        9.5684667296048811E-003
   25.000000000000000       0.18139999999999998        1.0286992865858427E-002
   26.000000000000000       0.18599999999999997        6.4635731432217776E-003
   27.000000000000000       0.18639999999999995        8.0443216687991308E-003
   28.000000000000000       0.18919999999999998        1.3172361637577040E-002
   29.000000000000000       0.18959999999999996        1.0447753612885189E-002
   30.000000000000000       0.19539999999999996        6.1860057118197634E-003
   31.000000000000000       0.19719999999999999        1.0206751578135805E-002
   32.000000000000000       0.19879999999999998        8.6512683720044430E-003
   33.000000000000000       0.20299999999999999        9.5335664307167230E-003
   34.000000000000000       0.20459999999999998        1.1077504733066516E-002
   35.000000000000000       0.20619999999999999        1.4030126316054478E-002
   36.000000000000000       0.20779999999999998        1.1564312920936260E-002
   37.000000000000000       0.21179999999999999        1.2873745893613611E-002
   38.000000000000000       0.20979999999999999        1.3147031773158702E-002
   39.000000000000000       0.21299999999999999        1.5499103916750230E-002
   40.000000000000000       0.21659999999999999        1.2650867339611318E-002
   41.000000000000000       0.21620000000000000        1.2559193180030842E-002
   42.000000000000000       0.21640000000000001        1.5108496505829650E-002
   43.000000000000000       0.21680000000000002        1.2585706178041823E-002
   44.000000000000000       0.22159999999999996        9.6976514911830299E-003
   45.000000000000000       0.21700000000000000        1.3605554421305703E-002
   46.000000000000000       0.22380000000000000        8.7152484505925373E-003
   47.000000000000000       0.22259999999999999        1.3664227424597088E-002
   48.000000000000000       0.22080000000000002        1.0379466909881910E-002
   49.000000000000000       0.22100000000000000        1.0338708279513886E-002
   50.000000000000000       0.22320000000000001        1.0422198531126838E-002
   51.000000000000000       0.22920000000000001        9.7159662411928967E-003
   52.000000000000000       0.22539999999999999        1.1037310461440420E-002
   53.000000000000000       0.22680000000000003        9.7159662411928933E-003
   54.000000000000000       0.22400000000000003        9.1408728005347335E-003
   55.000000000000000       0.22520000000000001        8.9044308571008032E-003
   56.000000000000000       0.22720000000000001        1.2227473619317735E-002
   57.000000000000000       0.22660000000000000        1.3401492454200760E-002
   58.000000000000000       0.22660000000000000        6.6699991670830742E-003
   59.000000000000000       0.22700000000000001        5.9066817155564557E-003
   60.000000000000000       0.22500000000000003        9.2014491612281753E-003
   61.000000000000000       0.22640000000000002        1.1266469426281392E-002
   62.000000000000000       0.22999999999999998        8.1649658092772595E-003
   63.000000000000000       0.23040000000000002        9.1311432897407622E-003
   64.000000000000000       0.23180000000000001        1.0130262692656208E-002
   65.000000000000000       0.23300000000000001        1.0842303978193723E-002
   66.000000000000000       0.23160000000000003        1.1880890351970914E-002
   67.000000000000000       0.23319999999999999        1.2691204303243515E-002
   68.000000000000000       0.23280000000000003        1.1203174153386669E-002
   69.000000000000000       0.23060000000000000        1.3065646218657198E-002
   70.000000000000000       0.23320000000000002        9.8972498986110036E-003
   71.000000000000000       0.22980000000000000        1.1013123484683574E-002
   72.000000000000000       0.23500000000000001        1.2657891697365016E-002
   73.000000000000000       0.23220000000000002        1.3348324905312188E-002
   74.000000000000000       0.23340000000000000        1.1548929724341460E-002
   75.000000000000000       0.23300000000000001        1.0593499054713800E-002
   76.000000000000000       0.23440000000000000        9.2279767855990794E-003
   77.000000000000000       0.23380000000000001        1.3414751416092493E-002
   78.000000000000000       0.23560000000000003        1.4354248306492561E-002
   79.000000000000000       0.23300000000000004        1.0635370755695877E-002
   80.000000000000000       0.23360000000000003        1.8007405883876414E-002
   81.000000000000000       0.23120000000000002        1.0716550025285395E-002
   82.000000000000000       0.23359999999999997        1.2176480060619598E-002
   83.000000000000000       0.23420000000000002        1.0347302385968364E-002
   84.000000000000000       0.23440000000000003        1.3525284963110144E-002
   85.000000000000000       0.23220000000000002        1.3079245645933357E-002
   86.000000000000000       0.23420000000000002        1.7949311345502310E-002
   87.000000000000000       0.23300000000000001        1.7390929947660776E-002
   88.000000000000000       0.23220000000000002        1.2163698268025049E-002
   89.000000000000000       0.23500000000000001        8.9566858950295980E-003
   90.000000000000000       0.23500000000000001        1.0509255180289627E-002
   91.000000000000000       0.23500000000000001        1.2083045973594570E-002
   92.000000000000000       0.23240000000000000        1.2954621654923859E-002
   93.000000000000000       0.23560000000000003        9.9688403426766610E-003
   94.000000000000000       0.23479999999999998        9.4844902633486553E-003
   95.000000000000000       0.23780000000000001        1.1093541664710448E-002
   96.000000000000000       0.23300000000000001        7.0710678118654719E-003
   97.000000000000000       0.23200000000000004        1.1234866364235140E-002
   98.000000000000000       0.23540000000000000        7.0584858307020867E-003
   99.000000000000000       0.23540000000000000        1.0024414640710390E-002
   100.00000000000000       0.23399999999999999        1.1352924243950931E-002
   101.00000000000000       0.23540000000000000        1.0751744044572487E-002
   102.00000000000000       0.23359999999999997        1.3326664999166144E-002
   103.00000000000000       0.23340000000000000        9.4304471438703928E-003
   104.00000000000000       0.23100000000000004        1.0424330514074594E-002
   105.00000000000000       0.23460000000000000        1.0668749796589204E-002
   106.00000000000000       0.23020000000000002        1.0932113753117969E-002
   107.00000000000000       0.23620000000000002        1.3011106366827105E-002
   108.00000000000000       0.22920000000000001        8.2838531024048336E-003
   109.00000000000000       0.23260000000000000        1.1315672514015435E-002
   110.00000000000000       0.23139999999999999        1.0243697249203203E-002
   111.00000000000000       0.23420000000000002        1.1942454614618478E-002
   112.00000000000000       0.23200000000000004        1.5832456116050560E-002
   113.00000000000000       0.22900000000000001        1.1935009193312102E-002
   114.00000000000000       0.23080000000000003        1.2899612397277679E-002
   115.00000000000000       0.23399999999999999        9.5684667296048794E-003
   116.00000000000000       0.23160000000000003        1.3259797216481942E-002
   117.00000000000000       0.23060000000000000        1.4788884714917185E-002
   118.00000000000000       0.22999999999999998        1.5776212754932312E-002
   119.00000000000000       0.23079999999999998        1.2656135973423232E-002
   120.00000000000000       0.23460000000000000        1.3065646218657197E-002
   121.00000000000000       0.22780000000000000        1.3147031773158704E-002
   122.00000000000000       0.23080000000000003        1.0422198531126825E-002
   123.00000000000000       0.22599999999999998        1.2719189352225943E-002
   124.00000000000000       0.22919999999999999        1.4793391918165507E-002
   125.00000000000000       0.23079999999999998        1.1083521301664215E-002
   126.00000000000000       0.22840000000000002        1.3293273152655488E-002
   127.00000000000000       0.22820000000000001        1.4920530225907599E-002
   128.00000000000000       0.22720000000000001        1.2550343067466767E-002
   129.00000000000000       0.22620000000000001        1.2452576707921409E-002
   130.00000000000000       0.22780000000000000        1.3079245645933352E-002
   131.00000000000000       0.22640000000000002        1.4416040448827208E-002
   132.00000000000000       0.22439999999999999        1.3023056476879770E-002
   133.00000000000000       0.22439999999999999        1.7043734593359779E-002
   134.00000000000000       0.22500000000000001        1.6845705024657699E-002
   135.00000000000000       0.22680000000000003        1.3538422688366946E-002
   136.00000000000000       0.22799999999999998        1.6970562748477143E-002
   137.00000000000000       0.22479999999999997        1.8383567541572436E-002
   138.00000000000000       0.22660000000000000        1.4576998624164332E-002
   139.00000000000000       0.22560000000000002        1.6378848148348727E-002
   140.00000000000000       0.22339999999999999        1.6707948873382256E-002
   141.00000000000000       0.22440000000000002        1.3459403982181215E-002
   142.00000000000000       0.22080000000000002        1.9372374374063927E-002
   143.00000000000000       0.22279999999999997        1.4612019405650651E-002
   144.00000000000000       0.22020000000000001        1.7725060727054723E-002
   145.00000000000000       0.22199999999999998        1.5999999999999997E-002
   146.00000000000000       0.22039999999999998        1.4811407015465402E-002
   147.00000000000000       0.22039999999999998        1.5685803914509591E-002
   148.00000000000000       0.21980000000000000        1.2127104628338407E-002
   149.00000000000000       0.21980000000000000        1.5447401795195924E-002
   150.00000000000000       0.21939999999999998        1.3099618315050250E-002
   151.00000000000000       0.21939999999999998        1.3133502536981102E-002
   152.00000000000000       0.21839999999999998        1.4960689229518213E-002
   153.00000000000000       0.21919999999999998        1.4211106767439178E-002
   154.00000000000000       0.21999999999999997        1.6438437341250604E-002
   155.00000000000000       0.22079999999999997        1.1003029885748141E-002
   156.00000000000000       0.21900000000000000        1.3896442390450552E-002
   157.00000000000000       0.22300000000000000        1.4275075403575902E-002
   158.00000000000000       0.21280000000000002        1.4793391918165501E-002
   159.00000000000000       0.21640000000000001        1.1616080807799736E-002
   160.00000000000000       0.21959999999999996        1.2357633718115744E-002
   161.00000000000000       0.21700000000000000        1.2866839377079187E-002
   162.00000000000000       0.21779999999999999        1.0217631819555843E-002
   163.00000000000000       0.21659999999999999        1.2790621564255587E-002
   164.00000000000000       0.21379999999999999        1.4156270695349114E-002
   165.00000000000000       0.21900000000000000        9.5335664307167247E-003
   166.00000000000000       0.21160000000000001        1.0699948078794066E-002
   167.00000000000000       0.21560000000000001        1.0490207073477840E-002
   168.00000000000000       0.21620000000000000        8.5608929959957395E-003
   169.00000000000000       0.21339999999999998        1.0793001847905376E-002
   170.00000000000000       0.21579999999999999        7.3303024039485182E-003
   171.00000000000000       0.21500000000000000        9.1043335224984447E-003
   172.00000000000000       0.21280000000000002        1.1123548594460913E-002
   173.00000000000000       0.21379999999999999        1.2345039489608777E-002
   174.00000000000000       0.21560000000000001        7.2907856610625764E-003
   175.00000000000000       0.21739999999999998        1.0668749796589209E-002
   176.00000000000000       0.21440000000000001        9.3238046597584508E-003
   177.00000000000000       0.21500000000000000        9.3452305125841292E-003
   178.00000000000000       0.21259999999999998        4.7187568984497080E-003
   179.00000000000000       0.21360000000000001        1.1577756451249288E-002
   180.00000000000000       0.21400000000000002        7.7746025264604016E-003
   181.00000000000000       0.21480000000000002        1.0464755664185916E-002
   182.00000000000000       0.21200000000000002        8.3798700599843554E-003
   183.00000000000000       0.21259999999999998        8.4353752468728713E-003
   184.00000000000000       0.21139999999999998        8.6948260477136708E-003
   185.00000000000000       0.21160000000000001        1.1107554986484549E-002
   186.00000000000000       0.21360000000000001        1.2139924949429375E-002
   187.00000000000000       0.20939999999999998        1.0415799963943664E-002
   188.00000000000000       0.21240000000000001        1.1577756451249288E-002
   189.00000000000000       0.21200000000000002        9.2855921847894117E-003
   190.00000000000000       0.20699999999999999        7.3786478737262176E-003
   191.00000000000000       0.20820000000000000        8.2435159704797988E-003
   192.00000000000000       0.21059999999999998        1.1276327219248101E-002
   193.00000000000000       0.20800000000000002        9.0921211313238978E-003
   194.00000000000000       0.21080000000000002        1.1783227250819039E-002
   195.00000000000000       0.21259999999999998        1.0875047892614851E-002
   196.00000000000000       0.20640000000000000        1.1616080807799734E-002
   197.00000000000000       0.21360000000000001        1.2357633718115747E-002
   198.00000000000000       0.20899999999999999        1.2229290885229425E-002
   199.00000000000000       0.20859999999999998        8.3825214981332816E-003
   200.00000000000000       0.20699999999999999        1.0842303978193728E-002
   201.00000000000000       0.20680000000000001        1.1003029885748137E-002
   202.00000000000000       0.20979999999999999        1.1905180945005974E-002
   203.00000000000000       0.20579999999999998        1.0932113753117971E-002
   204.00000000000000       0.20920000000000000        8.9044308571008014E-003
   205.00000000000000       0.20560000000000000        1.0189319026422824E-002
   206.00000000000000       0.20699999999999999        1.0033277962194938E-002
   207.00000000000000       0.20760000000000001        1.2029593139882626E-002
   208.00000000000000       0.20579999999999998        8.4037028875503551E-003
   209.00000000000000       0.20240000000000000        1.0574602698079121E-002
   210.00000000000000       0.20499999999999999        1.0923979738782624E-002
   211.00000000000000       0.20560000000000000        1.1805836597961951E-002
   212.00000000000000       0.20459999999999998        1.3664227424597088E-002
   213.00000000000000       0.20600000000000002        1.2543258481484519E-002
   214.00000000000000       0.20440000000000000        8.1540719207576773E-003
   215.00000000000000       0.20579999999999998        1.2664912159190045E-002
   216.00000000000000       0.20240000000000000        1.0823841996054611E-002
   217.00000000000000       0.20319999999999999        9.3903023262181338E-003
   218.00000000000000       0.20360000000000000        1.1107554986484549E-002
   219.00000000000000       0.20360000000000000        1.4135848832745145E-002
   220.00000000000000       0.20480000000000001        1.3733980567272625E-002
   221.00000000000000       0.20200000000000001        1.0708252269472673E-002
   222.00000000000000       0.20139999999999997        9.3357139820988248E-003
   223.00000000000000       0.19859999999999997        1.4454526396023267E-002
   224.00000000000000       0.19879999999999998        1.1554700823089755E-002
   225.00000000000000       0.20179999999999998        1.3381579378633400E-002
   226.00000000000000       0.20379999999999998        1.4405245958022068E-002
   227.00000000000000       0.19879999999999998        1.3669105473455258E-002
   228.00000000000000       0.20139999999999997        1.3133502536981097E-002
   229.00000000000000       0.20039999999999999        1.7908408949739541E-002
   230.00000000000000       0.19979999999999998        1.4466820275682177E-002
   231.00000000000000       0.19759999999999997        1.2393546707863733E-002
   232.00000000000000       0.19779999999999998        1.3579396157414363E-002
   233.00000000000000       0.19999999999999998        1.4483707321600290E-002
   234.00000000000000       0.19679999999999997        1.4242346872775024E-002
   235.00000000000000       0.19979999999999998        1.2664912159190050E-002
   236.00000000000000       0.19579999999999997        1.4589189300452736E-002
   237.00000000000000       0.19519999999999998        1.2934020600296295E-002
   238.00000000000000       0.19839999999999997        1.1768130220595318E-002
   239.00000000000000       0.19599999999999998        1.2400716825158847E-002
   240.00000000000000       0.19499999999999998        1.1085526098877261E-002
   241.00000000000000       0.19579999999999997        9.7273954490512092E-003
   242.00000000000000       0.19619999999999999        1.3774372338997280E-002
   243.00000000000000       0.19599999999999998        1.0498677165349080E-002
   244.00000000000000       0.19999999999999998        1.3727506854649334E-002
   245.00000000000000       0.19319999999999998        1.1477514248883918E-002
   246.00000000000000       0.19559999999999997        1.4261058087595670E-002
   247.00000000000000       0.19359999999999997        1.1462014560179978E-002
   248.00000000000000       0.19379999999999997        1.3612086132877971E-002
   249.00000000000000       0.19339999999999996        1.0458383134011580E-002
   250.00000000000000       0.19279999999999997        1.3070747662029304E-002
   251.00000000000000       0.19679999999999997        1.6226179121681387E-002
   252.00000000000000       0.19239999999999996        1.1880890351970916E-002
   253.00000000000000       0.19379999999999997        1.1370527203647549E-002
   254.00000000000000       0.19419999999999998        1.4740722129152593E-002
   255.00000000000000       0.19319999999999998        1.3766303465749658E-002
   256.00000000000000       0.19439999999999996        1.0782702196883055E-002
   257.00000000000000       0.19299999999999998        1.5441646429200628E-002
   258.00000000000000       0.18999999999999997        1.2507775359529143E-002
   259.00000000000000       0.18999999999999997        9.7979589711327114E-003
   260.00000000000000       0.19159999999999996        1.4385177556545260E-002
   261.00000000000000       0.19199999999999998        1.1962905629950907E-002
   262.00000000000000       0.18859999999999999        1.4049120178067300E-002
   263.00000000000000       0.19479999999999997        1.2865112168617543E-002
   264.00000000000000       0.18819999999999998        1.1409547658771484E-002
   265.00000000000000       0.19119999999999998        1.2007405122580724E-002
   266.00000000000000       0.19179999999999997        1.1602681682362153E-002
   267.00000000000000       0.19219999999999998        1.3806600675844228E-002
   268.00000000000000       0.18959999999999996        1.1187294380481617E-002
   269.00000000000000       0.19339999999999996        1.4848868269632165E-002
   270.00000000000000       0.19180000000000000        1.6123137273978520E-002
   271.00000000000000       0.19099999999999998        1.3670731102939919E-002
   272.00000000000000       0.18999999999999997        1.1155467020454344E-002
   273.00000000000000       0.19059999999999996        1.3467656729282112E-002
   274.00000000000000       0.19239999999999996        1.0405126941400894E-002
   275.00000000000000       0.19199999999999998        1.3432961119739925E-002
   276.00000000000000       0.19379999999999997        1.4061768499492989E-002
   277.00000000000000       0.18959999999999996        1.0532489417670134E-002
   278.00000000000000       0.19239999999999996        1.0616548926610342E-002
   279.00000000000000       0.19239999999999996        1.5428689006018771E-002
   280.00000000000000       0.19539999999999996        1.3825901618178671E-002
   281.00000000000000       0.19259999999999999        1.6084499094193485E-002
   282.00000000000000       0.19179999999999997        1.1679041056525150E-002
   283.00000000000000       0.19139999999999996        1.2185601704014821E-002
   284.00000000000000       0.18839999999999996        1.2465062285354926E-002
   285.00000000000000       0.19159999999999996        1.0782702196883055E-002
   286.00000000000000       0.18719999999999998        1.0119288512538823E-002
   287.00000000000000       0.18899999999999997        8.0691456246068088E-003
   288.00000000000000       0.18519999999999998        8.8543774484714649E-003
   289.00000000000000       0.18799999999999997        8.0000000000000071E-003
   290.00000000000000       0.18599999999999997        9.9777530313971859E-003
   291.00000000000000       0.18659999999999996        1.0415799963943677E-002
   292.00000000000000       0.18659999999999996        1.3268174118711458E-002
   293.00000000000000       0.18779999999999997        1.2976902558006665E-002
   294.00000000000000       0.18519999999999998        1.0379466909881910E-002
   295.00000000000000       0.18599999999999997        1.1430952132988170E-002
   296.00000000000000       0.18899999999999997        1.0381607668264962E-002
   297.00000000000000       0.18859999999999996        1.1315672514015437E-002
   298.00000000000000       0.18319999999999997        1.2443650768341438E-002
   299.00000000000000       0.18659999999999999        1.1964763079792077E-002
   300.00000000000000       0.18579999999999997        8.3506486773982629E-003
   301.00000000000000       0.18619999999999998        1.2053584068188548E-002
   302.00000000000000       0.18419999999999997        1.0304260176149370E-002
   303.00000000000000       0.18239999999999995        1.2429355932182846E-002
   304.00000000000000       0.18539999999999995        9.8905117270150535E-003
   305.00000000000000       0.18459999999999996        1.2330630334433211E-002
   306.00000000000000       0.18600000000000000        1.2073846850849890E-002
   307.00000000000000       0.18559999999999996        1.1027239001672176E-002
   308.00000000000000       0.18239999999999995        1.0447753612885193E-002
   309.00000000000000       0.18419999999999997        1.3079245645933353E-002
   310.00000000000000       0.18399999999999997        8.2192186706253091E-003
   311.00000000000000       0.18079999999999999        1.3002563849743890E-002
   312.00000000000000       0.18400000000000000        1.2220201853215569E-002
   313.00000000000000       0.18399999999999997        1.2183777921664717E-002
   314.00000000000000       0.18359999999999999        1.2139924949429370E-002
   315.00000000000000       0.18239999999999995        1.0232844722319947E-002
   316.00000000000000       0.18319999999999997        6.6131182760732028E-003
   317.00000000000000       0.17839999999999998        1.2500666648889837E-002
   318.00000000000000       0.18099999999999997        1.1205157542647740E-002
   319.00000000000000       0.17839999999999998        1.1067469850371804E-002
   320.00000000000000       0.17959999999999998        9.9241568351618147E-003
   321.00000000000000       0.18339999999999995        1.1701851705321399E-002
   322.00000000000000       0.17859999999999998        9.8905117270150483E-003
   323.00000000000000       0.18200000000000000        1.1547005383792514E-002
   324.00000000000000       0.18279999999999999        1.2372011423639518E-002
   325.00000000000000       0.17779999999999999        1.0217631819555839E-002
   326.00000000000000       0.17679999999999998        1.4366627996854378E-002
   327.00000000000000       0.17799999999999999        7.9999999999999984E-003
   328.00000000000000       0.17719999999999997        1.2081206709412581E-002
   329.00000000000000       0.17499999999999999        1.2797569213634976E-002
   330.00000000000000       0.17859999999999998        9.7091022585338253E-003
   331.00000000000000       0.17559999999999998        1.2954621654923861E-002
   332.00000000000000       0.17579999999999998        1.0559882154224595E-002
   333.00000000000000       0.17739999999999997        9.2400096200046106E-003
   334.00000000000000       0.17679999999999998        1.2550343067466765E-002
   335.00000000000000       0.17799999999999999        1.4936904334938720E-002
   336.00000000000000       0.17219999999999996        9.0160350980288909E-003
   337.00000000000000       0.17699999999999999        1.2692955176439848E-002
   338.00000000000000       0.17739999999999997        9.0945649214853076E-003
   339.00000000000000       0.17579999999999998        9.9084700018609220E-003
   340.00000000000000       0.17739999999999997        1.1117553687749835E-002
   341.00000000000000       0.17299999999999999        1.2192894105447920E-002
   342.00000000000000       0.17119999999999996        1.1282237760696626E-002
   343.00000000000000       0.17539999999999997        1.4237665226823926E-002
   344.00000000000000       0.17499999999999999        1.4087031072743627E-002
   345.00000000000000       0.17239999999999997        9.7433738167707219E-003
   346.00000000000000       0.17219999999999996        1.0517709932405540E-002
   347.00000000000000       0.17439999999999997        1.2712198865656563E-002
   348.00000000000000       0.17559999999999998        1.2536169891779367E-002
   349.00000000000000       0.17359999999999998        1.0782702196883051E-002
   350.00000000000000       0.17199999999999999        9.4751136023679249E-003
   351.00000000000000       0.17339999999999997        1.1315672514015433E-002
   352.00000000000000       0.16939999999999997        1.0543033508225014E-002
   353.00000000000000       0.17399999999999999        9.4751136023679249E-003
   354.00000000000000       0.17279999999999998        1.1321562514855348E-002
   355.00000000000000       0.17139999999999997        9.1433035605299647E-003
   356.00000000000000       0.17339999999999997        6.2574400161372265E-003
   357.00000000000000       0.17039999999999997        1.1305849027040037E-002
   358.00000000000000       0.16999999999999998        1.1925695879998878E-002
   359.00000000000000       0.16519999999999996        1.2191071414039955E-002
   360.00000000000000       0.17519999999999997        1.1820885471627464E-002
   361.00000000000000       0.16739999999999997        1.0956479564369405E-002
   362.00000000000000       0.16999999999999998        1.2543258481484515E-002
   363.00000000000000       0.17019999999999996        1.5127605377072879E-002
   364.00000000000000       0.16899999999999998        1.3896442390450554E-002
   365.00000000000000       0.16939999999999997        1.2825322174857394E-002
   366.00000000000000       0.17339999999999994        1.0415799963943666E-002
   367.00000000000000       0.16719999999999996        1.2550343067466765E-002
   368.00000000000000       0.17259999999999998        1.0024414640710390E-002
   369.00000000000000       0.17079999999999998        6.6799866932668456E-003
   370.00000000000000       0.17219999999999996        1.0809460876678558E-002
   371.00000000000000       0.16859999999999997        9.8905117270150448E-003
   372.00000000000000       0.16919999999999996        1.1321562514855346E-002
   373.00000000000000       0.17059999999999997        1.2038826077875420E-002
   374.00000000000000       0.16699999999999998        7.1336448530108934E-003
   375.00000000000000       0.16560000000000000        8.6306945774305352E-003
   376.00000000000000       0.16799999999999998        9.6148034012373037E-003
   377.00000000000000       0.16679999999999998        7.0679244163725646E-003
   378.00000000000000       0.17099999999999999        9.8994949366116632E-003
   379.00000000000000       0.16919999999999996        1.1043348928452613E-002
   380.00000000000000       0.16599999999999998        8.9442719099991561E-003
   381.00000000000000       0.16560000000000000        1.0574602698079121E-002
   382.00000000000000       0.16939999999999997        8.8468450120179325E-003
   383.00000000000000       0.17079999999999998        1.1783227250819039E-002
   384.00000000000000       0.16779999999999998        1.0972693379476159E-002
   385.00000000000000       0.16879999999999998        6.2680849458896792E-003
   386.00000000000000       0.16519999999999996        8.9542044748697636E-003
   387.00000000000000       0.17099999999999999        8.4983658559879705E-003
   388.00000000000000       0.16799999999999998        7.7172246018601485E-003
   389.00000000000000       0.16759999999999997        1.1616080807799734E-002
   390.00000000000000       0.16799999999999998        9.2855921847894100E-003
   391.00000000000000       0.16539999999999996        8.0581221964756335E-003
   392.00000000000000       0.16319999999999998        1.1043348928452617E-002
   393.00000000000000       0.16599999999999998        9.3333333333333289E-003
   394.00000000000000       0.16819999999999996        6.9570108523704282E-003
   395.00000000000000       0.16519999999999999        9.5777519979029155E-003
   396.00000000000000       0.16519999999999996        1.1477514248883916E-002
   397.00000000000000       0.16579999999999998        1.0042133460796285E-002
   398.00000000000000       0.16659999999999997        7.6623176070371212E-003
   399.00000000000000       0.16599999999999998        8.6922698736035271E-003
   400.00000000000000       0.16699999999999998        1.0842303978193725E-002
   401.00000000000000       0.16560000000000000        1.1654279137819820E-002
   402.00000000000000       0.16239999999999996        8.3692559074534482E-003
   403.00000000000000       0.16539999999999996        1.1587349423689039E-002
   404.00000000000000       0.16559999999999997        7.2907856610625642E-003
   405.00000000000000       0.16359999999999997        1.1187294380481617E-002
   406.00000000000000       0.16679999999999998        6.4773108274619245E-003
   407.00000000000000       0.16539999999999999        6.3979163274720365E-003
   408.00000000000000       0.16719999999999999        8.5479042265731199E-003
   409.00000000000000       0.16580000000000000        1.3248060654718908E-002
   410.00000000000000       0.16259999999999999        7.7774603109812693E-003
   411.00000000000000       0.16360000000000000        8.9343283028005070E-003
   412.00000000000000       0.16799999999999998        8.6409875978771429E-003
   413.00000000000000       0.16559999999999997        1.0013324456276578E-002
   414.00000000000000       0.16839999999999997        1.1992590304943391E-002
   415.00000000000000       0.16279999999999997        9.8522417076859596E-003
   416.00000000000000       0.16599999999999998        8.4327404271156755E-003
   417.00000000000000       0.16679999999999998        1.0799176923368846E-002
   418.00000000000000       0.16339999999999999        9.2879850703296608E-003
   419.00000000000000       0.16560000000000000        5.5617742972304532E-003
   420.00000000000000       0.16299999999999998        7.6157731058639063E-003
   421.00000000000000       0.16439999999999999        7.2295689129205139E-003
   422.00000000000000       0.16259999999999999        1.1197221877670274E-002
   423.00000000000000       0.16319999999999998        6.8766917110547332E-003
   424.00000000000000       0.15880000000000000        1.0163114133418397E-002
   425.00000000000000       0.16059999999999999        8.8468450120179377E-003
   426.00000000000000       0.16039999999999999        1.0447753612885193E-002
   427.00000000000000       0.16180000000000000        9.2592296295822205E-003
   428.00000000000000       0.16380000000000000        1.1448435118681795E-002
   429.00000000000000       0.16480000000000000        9.9866577659061331E-003
   430.00000000000000       0.16119999999999998        9.1990337656855138E-003
   431.00000000000000       0.16259999999999999        1.2545030003064074E-002
   432.00000000000000       0.16080000000000000        9.6240439640632516E-003
   433.00000000000000       0.15899999999999997        9.2014491612281771E-003
   434.00000000000000       0.16080000000000000        8.4432747727933698E-003
   435.00000000000000       0.16319999999999996        9.2472218050131758E-003
   436.00000000000000       0.16159999999999997        7.7631608682718085E-003
   437.00000000000000       0.16099999999999998        9.8994949366116684E-003
   438.00000000000000       0.15739999999999998        7.4862837539358962E-003
   439.00000000000000       0.15939999999999999        8.8468450120179395E-003
   440.00000000000000       0.16159999999999999        1.1423173328322078E-002
   441.00000000000000       0.16119999999999995        8.1213025775152270E-003
   442.00000000000000       0.16039999999999996        1.1187294380481617E-002
   443.00000000000000       0.15919999999999998        9.4375137968994108E-003
   444.00000000000000       0.15859999999999999        4.0055517028799508E-003
   445.00000000000000       0.15859999999999999        9.2879850703296626E-003
   446.00000000000000       0.15899999999999997        9.8544969993963234E-003
   447.00000000000000       0.15599999999999997        6.3245553203367640E-003
   448.00000000000000       0.15999999999999998        9.2855921847894152E-003
   449.00000000000000       0.15500000000000000        1.3408123574079176E-002
   450.00000000000000       0.15819999999999998        1.1252654007931741E-002
   451.00000000000000       0.16080000000000000        8.4432747727933750E-003
   452.00000000000000       0.15759999999999999        6.3104851019729295E-003
   453.00000000000000       0.15439999999999995        1.3525284963110139E-002
   454.00000000000000       0.15559999999999999        8.0443216687991308E-003
   455.00000000000000       0.15599999999999997        1.2649110640673514E-002
   456.00000000000000       0.15759999999999999        9.1796877216312051E-003
   457.00000000000000       0.15399999999999997        1.1850925889754119E-002
   458.00000000000000       0.15479999999999999        1.3733980567272628E-002
   459.00000000000000       0.16059999999999999        1.3434615323442978E-002
   460.00000000000000       0.15619999999999998        9.7729786202115053E-003
   461.00000000000000       0.15439999999999998        1.2212925757391449E-002
   462.00000000000000       0.15679999999999999        9.7159662411929054E-003
   463.00000000000000       0.15699999999999997        1.1005049346146120E-002
   464.00000000000000       0.15739999999999998        9.7547709125102265E-003
   465.00000000000000       0.16019999999999995        1.1173381065928273E-002
   466.00000000000000       0.15499999999999997        1.2587471725666138E-002
   467.00000000000000       0.15419999999999998        1.2416834450767949E-002
   468.00000000000000       0.15899999999999997        1.3441230102437302E-002
   469.00000000000000       0.15459999999999999        1.2366621742955242E-002
   470.00000000000000       0.15719999999999998        9.6701143277166651E-003
   471.00000000000000       0.15459999999999999        8.2758014046307934E-003
   472.00000000000000       0.15719999999999998        1.1745448290957463E-002
   473.00000000000000       0.15939999999999999        8.2219219164377886E-003
   474.00000000000000       0.15099999999999997        7.6739096221475657E-003
   475.00000000000000       0.15780000000000000        7.0206045956804162E-003
   476.00000000000000       0.15599999999999997        8.9938250421546951E-003
   477.00000000000000       0.15639999999999998        7.4714270539316804E-003
   478.00000000000000       0.15699999999999997        6.6833125519211462E-003
   479.00000000000000       0.15339999999999998        1.1236844159579089E-002
   480.00000000000000       0.15300000000000000        9.8544969993963217E-003
   481.00000000000000       0.15459999999999999        8.8468450120179447E-003
   482.00000000000000       0.15439999999999998        9.2760144698272439E-003
   483.00000000000000       0.15219999999999997        5.6920997883030877E-003
   484.00000000000000       0.15199999999999997        7.9442501918753211E-003
   485.00000000000000       0.15399999999999997        9.5684667296048794E-003
   486.00000000000000       0.15579999999999999        9.4492798079477431E-003
   487.00000000000000       0.15439999999999998        7.7631608682718137E-003
   488.00000000000000       0.15659999999999999        8.9467560849977625E-003
   489.00000000000000       0.15679999999999999        1.0507140429250968E-002
   490.00000000000000       0.15559999999999999        9.4186576066396625E-003
   491.00000000000000       0.15379999999999999        5.9962951524717015E-003
   492.00000000000000       0.15599999999999997        8.0000000000000071E-003
   493.00000000000000       0.15579999999999999        6.8280467355036692E-003
   494.00000000000000       0.15519999999999998        8.7534120331572551E-003
   495.00000000000000       0.15079999999999999        5.8271395689099134E-003
   496.00000000000000       0.15039999999999998        7.3514926677814545E-003
   497.00000000000000       0.15299999999999997        4.3461349368017696E-003
   498.00000000000000       0.15240000000000001        1.0189319026422831E-002
   499.00000000000000       0.14879999999999999        6.2680849458896862E-003
   500.00000000000000       0.15319999999999998        5.9777364723893039E-003
   501.00000000000000       0.15559999999999999        9.3238046597584560E-003
   502.00000000000000       0.15059999999999998        9.9353465521395401E-003
   503.00000000000000       0.15239999999999998        6.3104851019729295E-003
   504.00000000000000       0.15339999999999998        4.2216373863966875E-003
   505.00000000000000       0.15199999999999997        5.7348835113617564E-003
   506.00000000000000       0.15179999999999999        9.2592296295822205E-003
   507.00000000000000       0.15239999999999998        8.3159819357400966E-003
   508.00000000000000       0.15179999999999999        1.1867790208983493E-002
   509.00000000000000       0.14999999999999999        9.6148034012373072E-003
   510.00000000000000       0.15139999999999998        7.8343970908920542E-003
   511.00000000000000       0.15539999999999998        5.9665735560705240E-003
   512.00000000000000       0.15059999999999998        1.2149074038789955E-002
   513.00000000000000       0.15140000000000003        9.9353465521395436E-003
   514.00000000000000       0.15239999999999998        6.3104851019729295E-003
   515.00000000000000       0.15259999999999999        8.0027772956920654E-003
   516.00000000000000       0.15359999999999999        9.6055539489748754E-003
   517.00000000000000       0.15159999999999998        4.0879225911349083E-003
   518.00000000000000       0.15219999999999997        7.1460945044595344E-003
   519.00000000000000       0.14979999999999999        5.5337349251859012E-003
   520.00000000000000       0.14799999999999996        5.9628479399994406E-003
   521.00000000000000       0.15139999999999998        6.6699991670830794E-003
   522.00000000000000       0.15099999999999997        5.7542255005440211E-003
   523.00000000000000       0.14759999999999998        6.2396581102920458E-003
   524.00000000000000       0.14859999999999998        6.8669902836363209E-003
   525.00000000000000       0.14939999999999998        4.7187568984497072E-003
   526.00000000000000       0.15119999999999997        4.9170903772228778E-003
   527.00000000000000       0.14779999999999999        8.9666047085839584E-003
   528.00000000000000       0.14659999999999998        7.8909230554268274E-003
   529.00000000000000       0.14859999999999998        7.6623176070371212E-003
   530.00000000000000       0.14699999999999996        1.0760008261045980E-002
   531.00000000000000       0.14919999999999997        7.6710132606093500E-003
   532.00000000000000       0.14899999999999997        1.0338708279513883E-002
   533.00000000000000       0.15199999999999997        7.4236858171066967E-003
   534.00000000000000       0.15100000000000000        5.9066817155564496E-003
   535.00000000000000       0.14739999999999998        6.6699991670830716E-003
   536.00000000000000       0.14940000000000001        6.2574400161372308E-003
   537.00000000000000       0.14540000000000000        9.8002267547462590E-003
   538.00000000000000       0.14819999999999997        6.9570108523704325E-003
   539.00000000000000       0.14819999999999997        1.1602681682362153E-002
   540.00000000000000       0.14620000000000000        8.8669172896910526E-003
   541.00000000000000       0.14759999999999998        7.8768295934623610E-003
   542.00000000000000       0.14279999999999998        8.4957505717727904E-003
   543.00000000000000       0.14879999999999999        1.1399805066559495E-002
   544.00000000000000       0.14619999999999997        8.8669172896910561E-003
   545.00000000000000       0.14719999999999997        6.6799866932668490E-003
   546.00000000000000       0.14979999999999999        1.0475367933076784E-002
   547.00000000000000       0.14259999999999998        6.6030296076876648E-003
   548.00000000000000       0.14620000000000000        4.8488257455915097E-003
   549.00000000000000       0.14440000000000000        5.3995884616844158E-003
   550.00000000000000       0.14499999999999996        8.6538366571647773E-003
   551.00000000000000       0.15019999999999997        8.3506486773982612E-003
   552.00000000000000       0.14720000000000000        8.1213025775152305E-003
   553.00000000000000       0.14479999999999998        5.4324130099902253E-003
   554.00000000000000       0.14579999999999999        8.1349725124168493E-003
   555.00000000000000       0.14460000000000001        9.3832001174676220E-003
   556.00000000000000       0.14500000000000002        1.1479450238481710E-002
   557.00000000000000       0.14879999999999999        5.5936471902408086E-003
   558.00000000000000       0.14199999999999996        5.4974741674902062E-003
   559.00000000000000       0.14560000000000001        1.0405126941400888E-002
   560.00000000000000       0.14820000000000003        6.4944420682440263E-003
   561.00000000000000       0.14440000000000000        6.7856056799997146E-003
   562.00000000000000       0.14680000000000004        9.9866577659061331E-003
   563.00000000000000       0.14640000000000000        9.8792712281827715E-003
   564.00000000000000       0.14660000000000001        6.7363029755035343E-003
   565.00000000000000       0.14680000000000001        7.7860273710167616E-003
   566.00000000000000       0.14699999999999996        6.8150161000869553E-003
   567.00000000000000       0.14739999999999998        9.6632177755537375E-003
   568.00000000000000       0.14740000000000000        9.8905117270150500E-003
   569.00000000000000       0.14679999999999999        7.8993670632525968E-003
   570.00000000000000       0.14559999999999998        7.8768295934623610E-003
   571.00000000000000       0.14479999999999998        6.0516297162187815E-003
   572.00000000000000       0.14419999999999997        4.8488257455915080E-003
   573.00000000000000       0.14680000000000001        1.1321562514855346E-002
   574.00000000000000       0.14219999999999997        6.0699624747146816E-003
   575.00000000000000       0.14219999999999999        1.1564312920936258E-002
   576.00000000000000       0.14479999999999998        6.2680849458896818E-003
   577.00000000000000       0.14179999999999998        7.6274358586472376E-003
   578.00000000000000       0.14180000000000001        7.9134203870527536E-003
   579.00000000000000       0.14519999999999997        6.6799866932668508E-003
   580.00000000000000       0.14240000000000000        4.0879225911348962E-003
   581.00000000000000       0.14140000000000003        8.8468450120179325E-003
   582.00000000000000       0.14380000000000001        7.9134203870527536E-003
   583.00000000000000       0.14040000000000000        7.4117024584998857E-003
   584.00000000000000       0.14379999999999998        5.2025634707004425E-003
   585.00000000000000       0.14160000000000000        6.3104851019729182E-003
   586.00000000000000       0.14579999999999999        6.4944420682440281E-003
   587.00000000000000       0.14140000000000000        9.6171143743270949E-003
   588.00000000000000       0.14379999999999998        9.0651959591493501E-003
   589.00000000000000       0.14219999999999997        9.1140916534049946E-003
   590.00000000000000       0.14260000000000000        7.3060097028253192E-003
   591.00000000000000       0.14480000000000004        1.0464755664185909E-002
   592.00000000000000       0.14479999999999998        5.9777364723893013E-003
   593.00000000000000       0.14299999999999999        6.2716292407422533E-003
   594.00000000000000       0.14060000000000000        8.3293323728722522E-003
   595.00000000000000       0.14099999999999999        6.7494855771055217E-003
   596.00000000000000       0.13960000000000000        6.6533199732664739E-003
   597.00000000000000       0.13700000000000001        9.2014491612281719E-003
   598.00000000000000       0.13780000000000001        8.8669172896910561E-003
   599.00000000000000       0.14180000000000001        1.1564312920936258E-002
   600.00000000000000       0.13779999999999998        6.6965994687187584E-003
   601.00000000000000       0.13879999999999998        1.1707547423208099E-002
   602.00000000000000       0.13680000000000003        7.1925887782726241E-003
   603.00000000000000       0.14179999999999998        9.5893459399249686E-003
   604.00000000000000       0.14199999999999999        6.5319726474218015E-003
   605.00000000000000       0.14299999999999999        1.4368174708168202E-002
   606.00000000000000       0.14160000000000000        9.4657276529593812E-003
   607.00000000000000       0.13879999999999998        6.6131182760731915E-003
   608.00000000000000       0.13860000000000000        1.3953892328347352E-002
   609.00000000000000       0.13820000000000002        8.1349725124168475E-003
   610.00000000000000       0.13580000000000000        8.0801540139336988E-003
   611.00000000000000       0.13700000000000001        7.8457348639598742E-003
   612.00000000000000       0.14020000000000002        9.5893459399249686E-003
   613.00000000000000       0.13879999999999998        1.0840254199561515E-002
   614.00000000000000       0.13940000000000002        8.0581221964756335E-003
   615.00000000000000       0.13840000000000000        1.0101705026600427E-002
   616.00000000000000       0.13459999999999997        1.0543033508225016E-002
   617.00000000000000       0.13860000000000000        1.1548929724341460E-002
   618.00000000000000       0.14260000000000000        8.3825214981332781E-003
   619.00000000000000       0.13860000000000000        1.5493367756703008E-002
   620.00000000000000       0.13660000000000000        1.0458383134011573E-002
   621.00000000000000       0.13880000000000003        1.2191071414039956E-002
   622.00000000000000       0.13999999999999999        1.4173527750312867E-002
   623.00000000000000       0.13560000000000000        7.9330532163432062E-003
   624.00000000000000       0.13760000000000003        1.0741404832598842E-002
   625.00000000000000       0.13540000000000002        8.7457926392573940E-003
   626.00000000000000       0.13999999999999999        8.3266639978645269E-003
   627.00000000000000       0.13760000000000003        1.1147495981908518E-002
   628.00000000000000       0.13700000000000001        7.9582242575422096E-003
   629.00000000000000       0.13760000000000003        1.1500724614852168E-002
   630.00000000000000       0.13799999999999998        1.1075498483890766E-002
   631.00000000000000       0.13720000000000002        1.0422198531126825E-002
   632.00000000000000       0.13900000000000001        1.1633285577743431E-002
   633.00000000000000       0.13940000000000002        1.0543033508225018E-002
   634.00000000000000       0.13640000000000002        1.2429355932182843E-002
   635.00000000000000       0.13520000000000004        1.1933147112141036E-002
   636.00000000000000       0.13999999999999999        1.6220700080795247E-002
   637.00000000000000       0.13879999999999998        1.1554700823089755E-002
   638.00000000000000       0.13700000000000001        1.0295630140986998E-002
   639.00000000000000       0.13580000000000000        8.9169003084654409E-003
   640.00000000000000       0.13700000000000001        8.7050432381337237E-003
   641.00000000000000       0.13720000000000004        1.1516172203567565E-002
   642.00000000000000       0.13380000000000000        6.2857864353723569E-003
   643.00000000000000       0.13899999999999998        1.2409673645990856E-002
   644.00000000000000       0.13700000000000001        8.9069261439249214E-003
   645.00000000000000       0.13520000000000004        1.3239671026460167E-002
   646.00000000000000       0.13640000000000002        1.0782702196883051E-002
   647.00000000000000       0.13780000000000001        1.0432854089099703E-002
   648.00000000000000       0.13360000000000002        1.1147495981908524E-002
   649.00000000000000       0.13380000000000000        8.7660963059074601E-003
   650.00000000000000       0.13520000000000004        7.1925887782726232E-003
   651.00000000000000       0.13840000000000002        6.7856056799997138E-003
   652.00000000000000       0.13620000000000002        1.0809460876678560E-002
   653.00000000000000       0.13160000000000002        7.3514926677814519E-003
   654.00000000000000       0.13519999999999999        6.0516297162187807E-003
   655.00000000000000       0.13380000000000000        1.0972693379476159E-002
   656.00000000000000       0.13740000000000002        1.2294533563968806E-002
   657.00000000000000       0.13460000000000000        1.0751744044572487E-002
   658.00000000000000       0.13260000000000000        9.4774586373258425E-003
   659.00000000000000       0.13520000000000001        8.8040394769168893E-003
   660.00000000000000       0.14080000000000001        9.5312352003528028E-003
   661.00000000000000       0.13420000000000001        1.0261037417770624E-002
   662.00000000000000       0.13340000000000002        1.1471704319759985E-002
   663.00000000000000       0.12940000000000002        9.1433035605299699E-003
   664.00000000000000       0.13160000000000002        8.9839362815589390E-003
   665.00000000000000       0.13540000000000002        8.4878998842142558E-003
   666.00000000000000       0.13020000000000001        8.4564242508941741E-003
   667.00000000000000       0.13120000000000004        1.1242775458044153E-002
   668.00000000000000       0.13360000000000002        1.1027239001672176E-002
   669.00000000000000       0.13640000000000002        9.9688403426766575E-003
   670.00000000000000       0.13199999999999998        1.1813363431112897E-002
   671.00000000000000       0.13340000000000002        1.2509551905999226E-002
   672.00000000000000       0.13319999999999999        8.1758451822698131E-003
   673.00000000000000       0.13599999999999998        9.3333333333333289E-003
   674.00000000000000       0.12960000000000002        9.6055539489748685E-003
   675.00000000000000       0.13340000000000002        8.7457926392573958E-003
   676.00000000000000       0.13240000000000002        1.1266469426281392E-002
   677.00000000000000       0.13500000000000001        1.2832251036613436E-002
   678.00000000000000       0.13840000000000002        9.1311432897407604E-003
   679.00000000000000       0.13279999999999997        9.7616027827856673E-003
   680.00000000000000       0.13199999999999998        1.1234866364235142E-002
   681.00000000000000       0.13100000000000001        9.5335664307167264E-003
   682.00000000000000       0.13680000000000003        8.0663911798688915E-003
   683.00000000000000       0.13420000000000001        1.1564312920936260E-002
   684.00000000000000       0.13059999999999999        1.2615686884016876E-002
   685.00000000000000       0.13519999999999999        1.0075272259900028E-002
   686.00000000000000       0.13439999999999999        9.2279767855990794E-003
   687.00000000000000       0.13340000000000002        1.2366621742955239E-002
   688.00000000000000       0.12940000000000002        1.1777568132306059E-002
   689.00000000000000       0.13260000000000000        7.3060097028253201E-003
   690.00000000000000       0.13039999999999999        7.8202017592614321E-003
   691.00000000000000       0.13420000000000001        1.1905180945005971E-002
   692.00000000000000       0.13400000000000004        8.7432513657359975E-003
   693.00000000000000       0.13180000000000000        7.6854841530424548E-003
   694.00000000000000       0.13400000000000004        1.0832051206181281E-002
   695.00000000000000       0.13360000000000002        1.1918239989379492E-002
   696.00000000000000       0.13199999999999998        7.4236858171066933E-003
   697.00000000000000       0.12940000000000002        6.9314099896373507E-003
   698.00000000000000       0.13199999999999998        8.6922698736035288E-003
   699.00000000000000       0.13159999999999999        1.1654279137819820E-002
   700.00000000000000       0.13340000000000002        1.4997777613144333E-002
   701.00000000000000       0.13340000000000002        1.1815244390193541E-002
   702.00000000000000       0.13260000000000000        1.2615686884016876E-002
   703.00000000000000       0.13400000000000004        7.7172246018601467E-003
   704.00000000000000       0.13020000000000001        9.4021274188345293E-003
   705.00000000000000       0.13100000000000001        1.0077477638553985E-002
   706.00000000000000       0.13260000000000000        7.9470469707656546E-003
   707.00000000000000       0.13380000000000000        1.1292081788187290E-002
   708.00000000000000       0.12959999999999999        5.3995884616844288E-003
   709.00000000000000       0.13040000000000002        8.6306945774305369E-003
   710.00000000000000       0.13220000000000001        1.2090400232323899E-002
   711.00000000000000       0.12780000000000000        1.0174041041351814E-002
   712.00000000000000       0.13200000000000003        1.3824294235551812E-002
   713.00000000000000       0.12859999999999999        1.0751744044572492E-002
   714.00000000000000       0.13140000000000002        1.2075687236021896E-002
   715.00000000000000       0.12820000000000001        9.7729786202115036E-003
   716.00000000000000       0.12620000000000003        1.0726913193769522E-002
   717.00000000000000       0.13199999999999998        1.0154364141151879E-002
   718.00000000000000       0.12480000000000002        9.3903023262181407E-003
   719.00000000000000       0.12920000000000004        9.6240439640632499E-003
   720.00000000000000       0.12920000000000004        9.2951600308978019E-003
   721.00000000000000       0.13140000000000002        8.3825214981332868E-003
   722.00000000000000       0.13160000000000002        1.1462014560179975E-002
   723.00000000000000       0.12659999999999999        1.3268174118711456E-002
   724.00000000000000       0.12620000000000001        9.4492798079477448E-003
   725.00000000000000       0.12820000000000001        8.3506486773982664E-003
   726.00000000000000       0.12980000000000000        1.1640923980127655E-002
   727.00000000000000       0.12659999999999999        7.8909230554268326E-003
   728.00000000000000       0.12580000000000000        9.6815976642976326E-003
   729.00000000000000       0.12940000000000002        1.1077504733066524E-002
   730.00000000000000       0.12599999999999997        3.1269438398822892E-003
   731.00000000000000       0.12659999999999999        1.1663809173869591E-002
   732.00000000000000       0.12820000000000004        1.4030126316054482E-002
   733.00000000000000       0.12580000000000002        1.1792653080060765E-002
   734.00000000000000       0.12639999999999998        9.0332718325089757E-003
   735.00000000000000       0.12840000000000001        8.3159819357400949E-003
   736.00000000000000       0.12300000000000003        1.1595018087284061E-002
   737.00000000000000       0.12640000000000001        1.1462014560179977E-002
   738.00000000000000       0.12859999999999999        8.1130895608406920E-003
   739.00000000000000       0.12740000000000001        1.0415799963943671E-002
   740.00000000000000       0.12960000000000002        7.4117024584998917E-003
   741.00000000000000       0.13180000000000000        9.3071060068220038E-003
   742.00000000000000       0.12780000000000000        1.2016655108639841E-002
   743.00000000000000       0.12999999999999998        9.2855921847894082E-003
   744.00000000000000       0.12980000000000000        8.9169003084654443E-003
   745.00000000000000       0.12860000000000002        1.1890238760335205E-002
   746.00000000000000       0.12479999999999998        8.2300263264058465E-003
   747.00000000000000       0.13059999999999999        9.7547709125102230E-003
   748.00000000000000       0.12600000000000003        9.9331096171675643E-003
   749.00000000000000       0.12600000000000003        8.2731157639939074E-003
   750.00000000000000       0.12780000000000000        9.3071060068220055E-003
   751.00000000000000       0.12680000000000002        1.1820885471627468E-002
   752.00000000000000       0.12960000000000002        1.0232844722319943E-002
   753.00000000000000       0.12400000000000003        1.0498677165349085E-002
   754.00000000000000       0.12420000000000000        1.0726913193769526E-002
   755.00000000000000       0.12460000000000002        9.3357139820988318E-003
   756.00000000000000       0.12700000000000003        9.1043335224984413E-003
   757.00000000000000       0.12700000000000000        1.1972189997378648E-002
   758.00000000000000       0.12520000000000003        1.1003029885748139E-002
   759.00000000000000       0.12920000000000004        1.1477514248883920E-002
   760.00000000000000       0.12560000000000002        9.2760144698272439E-003
   761.00000000000000       0.12780000000000000        9.4961980696370192E-003
   762.00000000000000       0.12260000000000000        1.1471704319759995E-002
   763.00000000000000       0.12640000000000001        1.0232844722319945E-002
   764.00000000000000       0.12920000000000004        8.7024900651097182E-003
   765.00000000000000       0.12740000000000001        1.1471704319759992E-002
   766.00000000000000       0.12919999999999998        1.4520483616066114E-002
   767.00000000000000       0.12460000000000000        7.1833139984271918E-003
   768.00000000000000       0.12900000000000000        1.2119772641798565E-002
   769.00000000000000       0.12480000000000002        7.5542482529148275E-003
   770.00000000000000       0.12740000000000001        1.0710327311110110E-002
   771.00000000000000       0.12520000000000003        1.0206751578135807E-002
   772.00000000000000       0.12639999999999998        7.0427267446636068E-003
   773.00000000000000       0.12720000000000001        1.0250203250017373E-002
   774.00000000000000       0.12460000000000000        1.1548929724341468E-002
   775.00000000000000       0.12580000000000000        5.6920997883030851E-003
   776.00000000000000       0.12680000000000002        1.0163114133418402E-002
   777.00000000000000       0.12760000000000002        1.1384199576606167E-002
   778.00000000000000       0.12480000000000002        8.5479042265731268E-003
   779.00000000000000       0.12900000000000000        1.0381607668264962E-002
   780.00000000000000       0.12600000000000003        9.3333333333333358E-003
   781.00000000000000       0.12679999999999997        6.8766917110547375E-003
   782.00000000000000       0.12960000000000002        1.1992590304943387E-002
   783.00000000000000       0.12540000000000001        1.1432896007185193E-002
   784.00000000000000       0.12760000000000002        9.3713511417629815E-003
   785.00000000000000       0.12740000000000001        9.4304471438703980E-003
   786.00000000000000       0.12859999999999999        1.0996969279457565E-002
   787.00000000000000       0.12460000000000002        1.1587349423689036E-002
   788.00000000000000       0.12780000000000000        1.2452576707921404E-002
   789.00000000000000       0.12379999999999999        9.3547373619525566E-003
   790.00000000000000       0.12720000000000004        1.1321562514855350E-002
   791.00000000000000       0.12620000000000001        1.2127104628338404E-002
   792.00000000000000       0.12540000000000001        7.1211734363875144E-003
   793.00000000000000       0.12700000000000000        1.0677078252031316E-002
   794.00000000000000       0.12740000000000001        1.2075687236021898E-002
   795.00000000000000       0.12800000000000003        1.1035296904831233E-002
   796.00000000000000       0.12340000000000000        1.0956479564369407E-002
   797.00000000000000       0.12980000000000000        1.2345039489608774E-002
   798.00000000000000       0.12480000000000002        1.0799176923368846E-002
   799.00000000000000       0.12520000000000003        1.2117938952001880E-002
   800.00000000000000       0.12659999999999999        9.0945649214853094E-003
   801.00000000000000       0.12460000000000000        7.7201036262475146E-003
   802.00000000000000       0.12600000000000003        1.4173527750312867E-002
   803.00000000000000       0.12840000000000001        1.2029593139882623E-002
   804.00000000000000       0.12759999999999999        7.2295689129205148E-003
   805.00000000000000       0.12520000000000001        1.1399805066559495E-002
   806.00000000000000       0.12420000000000000        1.1133532932342531E-002
   807.00000000000000       0.12659999999999999        1.0543033508225020E-002
   808.00000000000000       0.12119999999999997        7.4356498632526351E-003
   809.00000000000000       0.12820000000000004        1.2163698268025051E-002
   810.00000000000000       0.11940000000000002        1.3793718377097119E-002
   811.00000000000000       0.12240000000000002        1.0658330075579385E-002
   812.00000000000000       0.12260000000000000        1.2825322174857401E-002
   813.00000000000000       0.12300000000000003        1.2301761391497293E-002
   814.00000000000000       0.12320000000000002        1.2899612397277681E-002
   815.00000000000000       0.12379999999999999        1.0390166291044415E-002
   816.00000000000000       0.12300000000000003        9.2496246170077415E-003
   817.00000000000000       0.12300000000000003        1.2481096817899376E-002
   818.00000000000000       0.12400000000000003        1.0583005244258365E-002
   819.00000000000000       0.12359999999999997        1.0057611821677928E-002
   820.00000000000000       0.12340000000000000        8.9962955339035720E-003
   821.00000000000000       0.12379999999999999        9.9977775308093160E-003
   822.00000000000000       0.12359999999999997        8.1540719207576860E-003
   823.00000000000000       0.12320000000000002        8.4957505717727991E-003
   824.00000000000000       0.12420000000000000        8.2435159704798058E-003
   825.00000000000000       0.12600000000000003        9.9777530313971824E-003
   826.00000000000000       0.12020000000000002        1.0768266135063511E-002
   827.00000000000000       0.12040000000000002        1.1500724614852175E-002
   828.00000000000000       0.11980000000000002        1.0432854089099709E-002
   829.00000000000000       0.12340000000000002        9.6171143743271001E-003
   830.00000000000000       0.12480000000000002        6.9410213785708660E-003
   831.00000000000000       0.12620000000000001        8.4037028875503551E-003
   832.00000000000000       0.12260000000000000        7.1833139984271901E-003
   833.00000000000000       0.12280000000000002        1.1438725647747854E-002
   834.00000000000000       0.12200000000000000        8.7432513657360045E-003
   835.00000000000000       0.12680000000000002        9.1018923551338723E-003
   836.00000000000000       0.12560000000000002        1.0276186062932102E-002
   837.00000000000000       0.12540000000000001        1.0068653225619490E-002
   838.00000000000000       0.12100000000000002        1.0509255180289627E-002
   839.00000000000000       0.12179999999999999        1.0559882154224595E-002
   840.00000000000000       0.12100000000000002        1.2083045973594570E-002
   841.00000000000000       0.12080000000000002        8.7534120331572568E-003
   842.00000000000000       0.11840000000000002        1.1692352676476673E-002
   843.00000000000000       0.12080000000000002        1.0507140429250956E-002
   844.00000000000000       0.12400000000000003        1.0327955589886448E-002
   845.00000000000000       0.12360000000000002        1.1266469426281395E-002
   846.00000000000000       0.12280000000000002        1.1163432367431721E-002
   847.00000000000000       0.12420000000000000        8.5088189544730627E-003
   848.00000000000000       0.11939999999999999        9.1917837707862198E-003
   849.00000000000000       0.11960000000000000        9.9241568351618147E-003
   850.00000000000000       0.12140000000000002        1.1197221877670277E-002
   851.00000000000000       0.12160000000000001        1.1226951698677809E-002
   852.00000000000000       0.12360000000000000        8.2623644719091536E-003
   853.00000000000000       0.12220000000000000        8.5088189544730627E-003
   854.00000000000000       0.11800000000000002        9.4751136023679336E-003
   855.00000000000000       0.11960000000000001        9.7433738167707288E-003
   856.00000000000000       0.12100000000000000        9.8544969993963234E-003
   857.00000000000000       0.12120000000000002        7.6710132606093492E-003
   858.00000000000000       0.12379999999999999        1.2380989010934826E-002
   859.00000000000000       0.11860000000000001        8.4878998842142627E-003
   860.00000000000000       0.12200000000000003        8.3798700599843606E-003
   861.00000000000000       0.11720000000000001        9.0037029419382051E-003
   862.00000000000000       0.12260000000000000        6.4670103001481499E-003
   863.00000000000000       0.12240000000000002        7.4117024584998926E-003
   864.00000000000000       0.12320000000000002        9.5777519979029207E-003
   865.00000000000000       0.12340000000000000        8.8468450120179395E-003
   866.00000000000000       0.12240000000000002        1.1384199576606170E-002
   867.00000000000000       0.12080000000000002        9.0529307716095773E-003
   868.00000000000000       0.12200000000000003        8.3266639978645321E-003
   869.00000000000000       0.12439999999999998        8.8342766791879683E-003
   870.00000000000000       0.11860000000000000        1.1315672514015433E-002
   871.00000000000000       0.11939999999999999        1.1393955512561131E-002
   872.00000000000000       0.12020000000000000        8.1894240741743670E-003
   873.00000000000000       0.12220000000000002        9.9532239333125980E-003
   874.00000000000000       0.12319999999999998        9.1505919662791969E-003
   875.00000000000000       0.11680000000000001        4.6380072349136228E-003
   876.00000000000000       0.12340000000000000        4.2216373863966875E-003
   877.00000000000000       0.12240000000000002        1.0905656024895218E-002
   878.00000000000000       0.11939999999999999        5.9665735560705179E-003
   879.00000000000000       0.11920000000000001        6.6131182760731958E-003
   880.00000000000000       0.12080000000000002        7.7860273710167660E-003
   881.00000000000000       0.11960000000000001        6.4498061986388395E-003
   882.00000000000000       0.12300000000000000        6.8799224801834331E-003
   883.00000000000000       0.12080000000000002        7.6710132606093483E-003
   884.00000000000000       0.12100000000000000        8.4459063062132869E-003
   885.00000000000000       0.11979999999999999        6.5625198412398470E-003
   886.00000000000000       0.12260000000000000        8.2758014046307900E-003
   887.00000000000000       0.12100000000000000        9.0553851381374190E-003
   888.00000000000000       0.12300000000000000        9.9888827091811350E-003
   889.00000000000000       0.12060000000000000        8.4878998842142610E-003
   890.00000000000000       0.11520000000000001        4.9170903772228717E-003
   891.00000000000000       0.12260000000000000        9.9799799598997221E-003
   892.00000000000000       0.11820000000000000        9.2111044095941307E-003
   893.00000000000000       0.11580000000000001        9.5428856572143134E-003
   894.00000000000000       0.11820000000000001        8.7152484505925356E-003
   895.00000000000000       0.12359999999999997        4.1952353926806071E-003
   896.00000000000000       0.12100000000000000        6.2003584125794259E-003
   897.00000000000000       0.11960000000000000        5.3166405433005028E-003
   898.00000000000000       0.11860000000000001        7.0584858307020928E-003
   899.00000000000000       0.11920000000000001        7.2541176046589054E-003
   900.00000000000000       0.12320000000000002        7.7287342646343684E-003
   901.00000000000000       0.12179999999999999        1.1053405709453432E-002
   902.00000000000000       0.12139999999999999        8.1676870110889508E-003
   903.00000000000000       0.12000000000000002        7.9442501918753246E-003
   904.00000000000000       0.11980000000000002        7.6274358586472437E-003
   905.00000000000000       0.11840000000000002        1.0986860839708085E-002
   906.00000000000000       0.11739999999999999        1.2894443247642242E-002
   907.00000000000000       0.12039999999999999        1.3326664999166149E-002
   908.00000000000000       0.12140000000000002        9.6171143743271001E-003
   909.00000000000000       0.11860000000000001        9.0945649214853146E-003
   910.00000000000000       0.11580000000000001        1.0850499220466003E-002
   911.00000000000000       0.11800000000000002        9.2855921847894152E-003
   912.00000000000000       0.12139999999999999        9.8905117270150535E-003
   913.00000000000000       0.11560000000000001        7.2907856610625685E-003
   914.00000000000000       0.11880000000000002        1.0422198531126829E-002
   915.00000000000000       0.12139999999999999        7.3665912514993452E-003
   916.00000000000000       0.11760000000000001        9.7433738167707236E-003
   917.00000000000000       0.11959999999999997        1.0946333734279357E-002
   918.00000000000000       0.11899999999999999        1.1972189997378650E-002
   919.00000000000000       0.12200000000000003        7.6594168620507073E-003
   920.00000000000000       0.12040000000000002        7.8202017592614321E-003
   921.00000000000000       0.12040000000000002        1.2571572870744712E-002
   922.00000000000000       0.11640000000000002        8.7838235157336585E-003
   923.00000000000000       0.11500000000000002        9.5800719087999423E-003
   924.00000000000000       0.11579999999999999        8.7152484505925321E-003
   925.00000000000000       0.11840000000000002        1.0699948078794071E-002
   926.00000000000000       0.11599999999999996        7.2418536608001441E-003
   927.00000000000000       0.11440000000000002        8.6820376512531765E-003
   928.00000000000000       0.11899999999999999        7.4386378681404672E-003
   929.00000000000000       0.11920000000000001        1.1631375193367675E-002
   930.00000000000000       0.11880000000000002        9.0529307716095773E-003
   931.00000000000000       0.11840000000000002        1.0319345371140988E-002
   932.00000000000000       0.11520000000000001        9.9866577659061349E-003
   933.00000000000000       0.11720000000000001        8.5479042265731251E-003
   934.00000000000000       0.11860000000000000        6.7363029755035352E-003
   935.00000000000000       0.12139999999999999        6.7363029755035360E-003
   936.00000000000000       0.11820000000000000        5.2873013490395606E-003
   937.00000000000000       0.12200000000000003        9.2376043070340162E-003
   938.00000000000000       0.12239999999999998        7.0427267446636042E-003
   939.00000000000000       0.12040000000000002        7.1678293630483281E-003
   940.00000000000000       0.12020000000000000        7.1460945044595292E-003
   941.00000000000000       0.12179999999999999        4.8488257455915132E-003
   942.00000000000000       0.12039999999999998        1.1462014560179977E-002
   943.00000000000000       0.11779999999999999        7.1460945044595284E-003
   944.00000000000000       0.11960000000000001        8.2083967848647407E-003
   945.00000000000000       0.11899999999999999        7.5571893658364234E-003
   946.00000000000000       0.11899999999999999        9.4868329805051412E-003
   947.00000000000000       0.11600000000000002        3.8873012632301973E-003
   948.00000000000000       0.11960000000000001        1.0532489417670135E-002
   949.00000000000000       0.11779999999999999        7.8570562765792468E-003
   950.00000000000000       0.11920000000000001        9.5312352003528115E-003
   951.00000000000000       0.12060000000000000        8.7457926392574010E-003
   952.00000000000000       0.11899999999999999        8.3399973354645381E-003
   953.00000000000000       0.11739999999999999        6.9314099896373507E-003
   954.00000000000000       0.11499999999999999        8.2327260234856467E-003
   955.00000000000000       0.11920000000000001        8.8543774484714649E-003
   956.00000000000000       0.11799999999999997        8.8944427094175549E-003
   957.00000000000000       0.11800000000000002        1.0873004286866727E-002
   958.00000000000000       0.11660000000000000        1.0200217862597076E-002
   959.00000000000000       0.11939999999999999        5.3374983736661575E-003
   960.00000000000000       0.11680000000000001        9.7159662411928950E-003
   961.00000000000000       0.12020000000000000        7.8570562765792485E-003
   962.00000000000000       0.11720000000000001        8.5479042265731251E-003
   963.00000000000000       0.12160000000000001        8.6820376512531799E-003
   964.00000000000000       0.11600000000000002        7.6011695006609212E-003
   965.00000000000000       0.12119999999999997        1.1707547423208103E-002
   966.00000000000000       0.12160000000000001        8.8844433327774329E-003
   967.00000000000000       0.11939999999999999        1.1315672514015438E-002
   968.00000000000000       0.11960000000000001        1.0823841996054618E-002
   969.00000000000000       0.11979999999999999        1.0972693379476164E-002
   970.00000000000000       0.11840000000000002        9.2760144698272456E-003
   971.00000000000000       0.11600000000000002        7.1180521680208738E-003
   972.00000000000000       0.11959999999999997        1.0658330075579382E-002
   973.00000000000000       0.11699999999999999        9.3926685357369165E-003
   974.00000000000000       0.11899999999999999        6.6833125519211410E-003
   975.00000000000000       0.11680000000000001        8.8040394769168979E-003
   976.00000000000000       0.12040000000000002        8.6820376512531782E-003
   977.00000000000000       0.11459999999999999        1.1927559124425530E-002
   978.00000000000000       0.12060000000000000        8.0581221964756370E-003
   979.00000000000000       0.11840000000000002        1.0574602698079121E-002
   980.00000000000000       0.11739999999999999        8.0581221964756370E-003
   981.00000000000000       0.11720000000000001        7.3151289196507754E-003
   982.00000000000000       0.11820000000000000        7.9134203870527588E-003
   983.00000000000000       0.11960000000000001        1.2500666648889833E-002
   984.00000000000000       0.11760000000000001        7.4714270539316804E-003
   985.00000000000000       0.11899999999999999        7.4386378681404654E-003
   986.00000000000000       0.11420000000000000        9.7273954490512127E-003
   987.00000000000000       0.11539999999999999        9.0455636763123945E-003
   988.00000000000000       0.11380000000000001        8.3506486773982595E-003
   989.00000000000000       0.11260000000000001        6.2574400161372360E-003
   990.00000000000000       0.11759999999999997        8.8844433327774329E-003
   991.00000000000000       0.11679999999999997        8.9044308571007997E-003
   992.00000000000000       0.11519999999999997        9.2951600308978019E-003
   993.00000000000000       0.11600000000000002        9.3333333333333324E-003
   994.00000000000000       0.11839999999999998        1.0864826019980461E-002
   995.00000000000000       0.11600000000000002        8.9442719099991578E-003
   996.00000000000000       0.11379999999999998        7.7430972843917922E-003
   997.00000000000000       0.11680000000000001        7.6710132606093474E-003
   998.00000000000000       0.11680000000000001        6.2680849458896844E-003
   999.00000000000000       0.11280000000000001        1.0921945288678611E-002
   1000.0000000000000       0.11720000000000001        1.4489843186023635E-002
   1001.0000000000000       0.11360000000000001        6.9153613226079682E-003
   1002.0000000000000       0.11220000000000001        1.0261037417770631E-002
   1003.0000000000000       0.11579999999999999        8.3506486773982647E-003
   1004.0000000000000       0.11320000000000001        1.0250203250017371E-002
   1005.0000000000000       0.11600000000000002        7.4833147735478833E-003
   1006.0000000000000       0.11920000000000001        1.1631375193367677E-002
   1007.0000000000000       0.11539999999999999        7.3060097028253262E-003
   1008.0000000000000       0.11860000000000000        6.5353738310146509E-003
   1009.0000000000000       0.11119999999999999        7.9554314080940262E-003
   1010.0000000000000       0.11360000000000001        4.7888759989514577E-003
   1011.0000000000000       0.11960000000000001        1.3945927322659079E-002
   1012.0000000000000       0.11680000000000001        8.5997415981851205E-003
   1013.0000000000000       0.11739999999999999        1.0458383134011578E-002
   1014.0000000000000       0.11139999999999999        9.4774586373258425E-003
   1015.0000000000000       0.11760000000000001        1.1187294380481621E-002
   1016.0000000000000       0.11459999999999999        1.0156552345927017E-002
   1017.0000000000000       0.11880000000000002        7.8429019572547956E-003
   1018.0000000000000       0.11259999999999999        1.2149074038789953E-002
   1019.0000000000000       0.11820000000000000        1.1640923980127654E-002
   1020.0000000000000       0.11599999999999996        1.0413666234542205E-002
   1021.0000000000000       0.11420000000000000        6.3560994328282806E-003
   1022.0000000000000       0.11500000000000002        4.2426406871192831E-003
   1023.0000000000000       0.11779999999999999        6.8928304136335111E-003
   1024.0000000000000       0.12000000000000002        8.7939373055152831E-003
   1025.0000000000000       0.10999999999999999        1.0198039027185571E-002
   1026.0000000000000       0.11459999999999999        7.3060097028253218E-003
   1027.0000000000000       0.11640000000000002        5.3995884616844219E-003
   1028.0000000000000       0.11560000000000001        8.7838235157336568E-003
   1029.0000000000000       0.11519999999999997        1.0422198531126829E-002
   1030.0000000000000       0.11459999999999999        7.1833139984271901E-003
   1031.0000000000000       0.11739999999999999        1.0024414640710393E-002
   1032.0000000000000       0.11480000000000001        7.1305290437978334E-003
   1033.0000000000000       0.11620000000000001        7.9134203870527588E-003
   1034.0000000000000       0.11540000000000002        9.3832001174676237E-003
   1035.0000000000000       0.11340000000000001        6.3979163274720391E-003
   1036.0000000000000       0.11680000000000001        9.3428522887225880E-003
   1037.0000000000000       0.11720000000000001        6.6799866932668516E-003
   1038.0000000000000       0.11979999999999999        8.6641021846851907E-003
   1039.0000000000000       0.11699999999999999        7.8457348639598776E-003
   1040.0000000000000       0.11739999999999999        5.4201270997807577E-003
   1041.0000000000000       0.11280000000000001        6.2680849458896844E-003
   1042.0000000000000       0.11740000000000002        8.0027772956920689E-003
   1043.0000000000000       0.11440000000000002        5.3995884616844219E-003
   1044.0000000000000       0.11500000000000002        6.7494855771055278E-003
   1045.0000000000000       0.11640000000000002        8.6306945774305387E-003
   1046.0000000000000       0.11920000000000001        7.6710132606093474E-003
   1047.0000000000000       0.11779999999999999        9.1627264258819559E-003
   1048.0000000000000       0.11300000000000002        7.1336448530108995E-003
   1049.0000000000000       0.11299999999999999        7.6157731058639063E-003
   1050.0000000000000       0.11640000000000002        7.3514926677814537E-003
   1051.0000000000000       0.11200000000000002        1.0583005244258367E-002
   1052.0000000000000       0.11579999999999999        9.0651959591493553E-003
   1053.0000000000000       0.11219999999999999        7.4505779045058729E-003
   1054.0000000000000       0.11720000000000001        6.4083279150388877E-003
   1055.0000000000000       0.11660000000000000        1.0751744044572494E-002
   1056.0000000000000       0.11739999999999999        6.9314099896373507E-003
   1057.0000000000000       0.11420000000000000        7.8570562765792468E-003
   1058.0000000000000       0.11520000000000001        1.0163114133418406E-002
   1059.0000000000000       0.11460000000000001        1.0458383134011581E-002
   1060.0000000000000       0.11600000000000002        1.0749676997731402E-002
   1061.0000000000000       0.11699999999999999        6.2003584125794242E-003
