   0.0000000000000000        1.0151999999999999        3.6757463338907290E-003
   1.0000000000000000        1.0520000000000000        2.5015550719058314E-002
   2.0000000000000000        1.0879999999999999        3.1721006008987508E-002
   3.0000000000000000        1.1155999999999999        3.8984897360673100E-002
   4.0000000000000000        1.1560000000000001        4.3532873912838638E-002
   5.0000000000000000        1.1839999999999999        4.4542114902640213E-002
   6.0000000000000000        1.2091999999999998        3.7383299895957733E-002
   7.0000000000000000        1.2391999999999999        5.4968273677741757E-002
   8.0000000000000000        1.2572000000000003        5.3865676558557368E-002
   9.0000000000000000        1.2884000000000000        6.0705482088157056E-002
   10.000000000000000        1.3076000000000001        5.5311642334844646E-002
   11.000000000000000        1.3304000000000000        5.2601647629454830E-002
   12.000000000000000        1.3539999999999999        7.0332543439482281E-002
   13.000000000000000        1.3963999999999999        7.4462816970022744E-002
   14.000000000000000        1.4171999999999998        7.7632753683251773E-002
   15.000000000000000        1.4272000000000000        7.4542754324093893E-002
   16.000000000000000        1.4423999999999999        6.8331219479499702E-002
   17.000000000000000        1.4647999999999999        8.9398980854245691E-002
   18.000000000000000        1.4951999999999999        7.9773011309172387E-002
   19.000000000000000        1.5192000000000001        8.0128785228669411E-002
   20.000000000000000        1.5404000000000000        6.8649188714150947E-002
   21.000000000000000        1.5660000000000001        6.6406157679674366E-002
   22.000000000000000        1.5819999999999999        7.6064300284547248E-002
   23.000000000000000        1.6064000000000001        6.9874808685883971E-002
   24.000000000000000        1.6347999999999998        6.5184865319080493E-002
   25.000000000000000        1.6612000000000002        8.5334374993642256E-002
   26.000000000000000        1.6736000000000000        8.9367157775599448E-002
   27.000000000000000        1.7008000000000003        8.5516470148543161E-002
   28.000000000000000        1.7143999999999999        7.4456848054576058E-002
   29.000000000000000        1.7188000000000003        8.5936410599155660E-002
   30.000000000000000        1.7408000000000001        5.5770960185386798E-002
   31.000000000000000        1.7716000000000001        7.4031824988386730E-002
   32.000000000000000        1.7955999999999999        8.0871915191039367E-002
   33.000000000000000        1.8188000000000002       0.10271081301942415     
   34.000000000000000        1.8331999999999997        8.4496942745482417E-002
   35.000000000000000        1.8440000000000001        8.4873762468477582E-002
   36.000000000000000        1.8603999999999996        9.1300724105683961E-002
   37.000000000000000        1.8839999999999999        7.7080044974904685E-002
   38.000000000000000        1.8859999999999999       0.11422006050699773     
   39.000000000000000        1.9263999999999999       0.10524384384213011     
   40.000000000000000        1.9436000000000000       0.11929347565283417     
   41.000000000000000        2.0040000000000000       0.13727506854649338     
   42.000000000000000        2.0044000000000000       0.12498462127620168     
   43.000000000000000        2.0331999999999999       0.14081729691735717     
   44.000000000000000        2.0407999999999999       0.13319726390249584     
   45.000000000000000        2.0792000000000006       0.14933095236197128     
   46.000000000000000        2.0756000000000001       0.13734563051740031     
   47.000000000000000        2.1048000000000000       0.13608885985920291     
   48.000000000000000        2.1260000000000003       0.12604408399885778     
   49.000000000000000        2.1515999999999997       0.13517988015973384     
   50.000000000000000        2.1579999999999995       0.15117024986565458     
   51.000000000000000        2.1807999999999996       0.14873451366631599     
   52.000000000000000        2.1739999999999995       0.14941961792958178     
   53.000000000000000        2.2096000000000000       0.13488694854910488     
   54.000000000000000        2.2448000000000001       0.14981826027260858     
   55.000000000000000        2.2944000000000000       0.15916671902267893     
   56.000000000000000        2.2911999999999999       0.15537538772634193     
   57.000000000000000        2.2691999999999997       0.15237439271595321     
   58.000000000000000        2.3252000000000002       0.13492450564008826     
   59.000000000000000        2.3224000000000000       0.16683404928251305     
   60.000000000000000        2.3615999999999997       0.14915703879543268     
   61.000000000000000        2.3988000000000005       0.17565673596218528     
   62.000000000000000        2.4004000000000003       0.16291183709806559     
   63.000000000000000        2.4167999999999998       0.15178698524211121     
   64.000000000000000        2.4215999999999998       0.14279993775286534     
   65.000000000000000        2.4563999999999995       0.19533629121765028     
   66.000000000000000        2.4771999999999998       0.15890793980583021     
   67.000000000000000        2.5135999999999994       0.18382793887521862     
   68.000000000000000        2.5724000000000005       0.18340434988177237     
   69.000000000000000        2.5016000000000003       0.16049035969663583     
   70.000000000000000        2.5420000000000003       0.18966403044447949     
   71.000000000000000        2.5648000000000000       0.18599689364192193     
   72.000000000000000        2.5864000000000003       0.14251331321825508     
   73.000000000000000        2.6000000000000001       0.17438654382338872     
   74.000000000000000        2.6516000000000002       0.21249376461439995     
   75.000000000000000        2.6316000000000002       0.19535449259686297     
   76.000000000000000        2.6360000000000001       0.18496366009450493     
   77.000000000000000        2.6719999999999997       0.17494634097980508     
   78.000000000000000        2.7008000000000001       0.21363145835761174     
   79.000000000000000        2.6743999999999999       0.15186192559178366     
   80.000000000000000        2.7248000000000001       0.18723532430251150     
   81.000000000000000        2.7595999999999998       0.16933280839813644     
   82.000000000000000        2.7492000000000001       0.18212620776690966     
   83.000000000000000        2.7863999999999995       0.19221469477875222     
   84.000000000000000        2.8140000000000001       0.17664779773448758     
   85.000000000000000        2.8060000000000000       0.19385447004275025     
   86.000000000000000        2.8492000000000006       0.17427487866394667     
   87.000000000000000        2.8336000000000006       0.19819810515968334     
   88.000000000000000        2.8795999999999995       0.21131924243244443     
   89.000000000000000        2.8768000000000002       0.21622868552632984     
   90.000000000000000        2.8991999999999996       0.16509445108112436     
   91.000000000000000        2.9039999999999999       0.17811856226183229     
   92.000000000000000        2.9660000000000002       0.17575993728821018     
   93.000000000000000        2.9424000000000001       0.19556141405365912     
   94.000000000000000        2.9828000000000001       0.22026287325224223     
   95.000000000000000        2.9419999999999997       0.15998055437389197     
   96.000000000000000        2.9851999999999999       0.16972710122101570     
   97.000000000000000        2.9991999999999996       0.15662893162574479     
   98.000000000000000        2.9887999999999999       0.14575230129686917     
   99.000000000000000        3.0616000000000003       0.15432375780229768     
   100.00000000000000        3.0376000000000003       0.17113685232065676     
   101.00000000000000        3.0552000000000001       0.21138947729513663     
   102.00000000000000        3.0584000000000007       0.19288868407567217     
   103.00000000000000        3.0699999999999998       0.16605487714072795     
   104.00000000000000        3.1215999999999999       0.17645597499407928     
   105.00000000000000        3.1176000000000004       0.19517923386808678     
   106.00000000000000        3.1688000000000001       0.15286072091940422     
   107.00000000000000        3.1475999999999997       0.16018267349775658     
   108.00000000000000        3.1848000000000001       0.16434976253236400     
   109.00000000000000        3.1819999999999999       0.15395526045647870     
   110.00000000000000        3.2431999999999994       0.16393819973799062     
   111.00000000000000        3.2587999999999995       0.19778372026028834     
   112.00000000000000        3.2528000000000006       0.21413017847406124     
   113.00000000000000        3.2747999999999999       0.17845808720506023     
   114.00000000000000        3.2707999999999999       0.17776938869095416     
   115.00000000000000        3.2996000000000003       0.20263552392301684     
   116.00000000000000        3.3112000000000004       0.25444527898941255     
   117.00000000000000        3.3515999999999999       0.23036550667725122     
   118.00000000000000        3.3679999999999999       0.22481597412599982     
   119.00000000000000        3.3472000000000000       0.29833195530407991     
   120.00000000000000        3.3339999999999996       0.21582091341356768     
   121.00000000000000        3.4391999999999996       0.21035250837053929     
   122.00000000000000        3.4212000000000002       0.19066247081630347     
   123.00000000000000        3.4716000000000000       0.18726997742415749     
   124.00000000000000        3.4723999999999995       0.19062890068868829     
   125.00000000000000        3.4480000000000004       0.16423289696173676     
   126.00000000000000        3.5320000000000000       0.22359487173606352     
   127.00000000000000        3.5103999999999997       0.21952838338381458     
   128.00000000000000        3.5300000000000002       0.21619949635052857     
   129.00000000000000        3.5048000000000004       0.19184067463508481     
   130.00000000000000        3.5684000000000005       0.21188214753594617     
   131.00000000000000        3.6168000000000000       0.21868130032334979     
   132.00000000000000        3.6387999999999998       0.19312678621971507     
   133.00000000000000        3.6524000000000001       0.22246657676553974     
   134.00000000000000        3.6708000000000007       0.21345038455497492     
   135.00000000000000        3.6456000000000004       0.27364340136592202     
   136.00000000000000        3.6475999999999997       0.35537998442981183     
   137.00000000000000        3.7607999999999997       0.31806526234581328     
   138.00000000000000        3.7291999999999996       0.27182379913793009     
   139.00000000000000        3.7180000000000000       0.27743748044479399     
   140.00000000000000        3.7171999999999996       0.21798307783454710     
   141.00000000000000        3.7923999999999993       0.23163534560453708     
   142.00000000000000        3.8155999999999999       0.27302714557754554     
   143.00000000000000        3.7643999999999997       0.21045939170195166     
   144.00000000000000        3.8004000000000007       0.23072022499603764     
   145.00000000000000        3.8191999999999999       0.19569409234255833     
   146.00000000000000        3.8699999999999997       0.24820958885586994     
   147.00000000000000        3.8687999999999994       0.24830662048720692     
   148.00000000000000        3.8879999999999995       0.24685758377385658     
   149.00000000000000        3.9279999999999999       0.31215950338818066     
   150.00000000000000        3.9044000000000003       0.29693216584114135     
   151.00000000000000        3.9263999999999997       0.26307717498863337     
   152.00000000000000        3.9547999999999996       0.26487430981505167     
   153.00000000000000        3.9543999999999997       0.25348907493442624     
   154.00000000000000        3.9683999999999999       0.26606231517363665     
   155.00000000000000        4.0076000000000001       0.23765857863750681     
   156.00000000000000        3.9636000000000005       0.27824497599537484     
   157.00000000000000        4.0200000000000005       0.27432989062238344     
   158.00000000000000        4.0744000000000007       0.27637140871579963     
   159.00000000000000        4.0128000000000004       0.24115131257274047     
   160.00000000000000        4.0263999999999998       0.25978589475010216     
   161.00000000000000        4.0135999999999994       0.20356118381350499     
   162.00000000000000        4.0472000000000001       0.24283364218694622     
   163.00000000000000        4.0831999999999997       0.27733846149104924     
   164.00000000000000        4.1975999999999996       0.27584987865785904     
   165.00000000000000        4.0191999999999997       0.23421016203401590     
   166.00000000000000        4.0888000000000000       0.23478633312486966     
   167.00000000000000        4.1688000000000001       0.22909134519759689     
   168.00000000000000        4.1164000000000005       0.24389761057551276     
   169.00000000000000        4.1772000000000000       0.23750592975053625     
   170.00000000000000        4.1284000000000001       0.26973204811030110     
   171.00000000000000        4.2096000000000000       0.29204078862758581     
   172.00000000000000        4.2536000000000005       0.27228873563839462     
   173.00000000000000        4.2256000000000000       0.25805563568949846     
   174.00000000000000        4.1859999999999999       0.29942314910878587     
   175.00000000000000        4.1227999999999998       0.31137287400585595     
   176.00000000000000        4.2176000000000000       0.22513363932463659     
   177.00000000000000        4.2759999999999998       0.22580227338684328     
   178.00000000000000        4.3319999999999999       0.25057445112292587     
   179.00000000000000        4.3295999999999992       0.31052185466118526     
   180.00000000000000        4.3084000000000007       0.24325532996330326     
   181.00000000000000        4.3023999999999996       0.25051910550339718     
   182.00000000000000        4.3575999999999997       0.26892510316277868     
   183.00000000000000        4.3339999999999996       0.23862010719039486     
   184.00000000000000        4.3924000000000003       0.24405791662362999     
   185.00000000000000        4.3528000000000002       0.22838408195163012     
   186.00000000000000        4.3932000000000002       0.28584409114838194     
   187.00000000000000        4.3727999999999998       0.25787369862869769     
   188.00000000000000        4.4143999999999997       0.23036357736798974     
   189.00000000000000        4.3763999999999994       0.23800989708646794     
   190.00000000000000        4.4699999999999998       0.33872046816741908     
   191.00000000000000        4.3932000000000002       0.20396993242469189     
   192.00000000000000        4.4307999999999996       0.22858832477233446     
   193.00000000000000        4.5280000000000005       0.21452169017503925     
   194.00000000000000        4.5164000000000000       0.21926300797596168     
   195.00000000000000        4.5600000000000005       0.28101403681825027     
   196.00000000000000        4.6111999999999993       0.23647635540718803     
   197.00000000000000        4.4744000000000002       0.22491242740231124     
   198.00000000000000        4.6372000000000000       0.24985720366285677     
   199.00000000000000        4.6083999999999996       0.24774503022260613     
   200.00000000000000        4.5868000000000011       0.25440510127659688     
   201.00000000000000        4.6168000000000005       0.32067040884857312     
   202.00000000000000        4.6264000000000003       0.27128795689369539     
   203.00000000000000        4.6595999999999993       0.32225014438407251     
   204.00000000000000        4.5931999999999995       0.25424432693332177     
   205.00000000000000        4.6887999999999987       0.29855831367869612     
   206.00000000000000        4.5491999999999999       0.28529002786638014     
   207.00000000000000        4.5639999999999992       0.29992591677871977     
   208.00000000000000        4.6963999999999997       0.33963876234742246     
   209.00000000000000        4.7644000000000002       0.27390476852771695     
   210.00000000000000        4.7308000000000003       0.34609208793807067     
   211.00000000000000        4.7072000000000003       0.37744780360262320     
   212.00000000000000        4.7347999999999999       0.32808156167500652     
   213.00000000000000        4.6867999999999999       0.33851991571151802     
   214.00000000000000        4.7403999999999993       0.34570867632862345     
   215.00000000000000        4.8048000000000002       0.39993688390933768     
   216.00000000000000        4.8371999999999993       0.30517929156481116     
   217.00000000000000        4.8515999999999995       0.38677446773137558     
   218.00000000000000        4.7991999999999999       0.29322300955643527     
   219.00000000000000        4.8624000000000001       0.47165034129579975     
   220.00000000000000        4.7935999999999996       0.27023742647284560     
   221.00000000000000        4.7972000000000001       0.31422596257399793     
   222.00000000000000        4.9211999999999989       0.38596280764976415     
   223.00000000000000        4.9451999999999998       0.41886216242471819     
   224.00000000000000        4.9972000000000003       0.41411131085467567     
   225.00000000000000        4.8775999999999993       0.38573773473695827     
   226.00000000000000        4.9252000000000002       0.36581501093069185     
   227.00000000000000        4.9475999999999996       0.34461160101708072     
   228.00000000000000        4.9567999999999994       0.54210716447744700     
   229.00000000000000        4.9491999999999994       0.52084734381155828     
   230.00000000000000        4.8756000000000004       0.48274198307400423     
   231.00000000000000        5.0055999999999994       0.42629233579265230     
   232.00000000000000        5.0524000000000004       0.47585413264524207     
   233.00000000000000        5.0163999999999991       0.48696958609114172     
   234.00000000000000        5.1012000000000004       0.48895371287406469     
   235.00000000000000        4.9643999999999995       0.46319643061376597     
   236.00000000000000        5.1183999999999994       0.51729278191583372     
   237.00000000000000        5.1208000000000000       0.37784794119680826     
   238.00000000000000        5.1108000000000002       0.36284333932000018     
   239.00000000000000        5.1160000000000014       0.44516164355084431     
   240.00000000000000        5.0916000000000006       0.46529875707262902     
   241.00000000000000        5.1071999999999997       0.32937273718387805     
   242.00000000000000        5.0944000000000003       0.36199545730728599     
   243.00000000000000        5.1559999999999997       0.38365262065224237     
   244.00000000000000        5.0476000000000001       0.41654003409036211     
   245.00000000000000        5.1447999999999992       0.44373685896035270     
   246.00000000000000        5.0891999999999999       0.42676686323513396     
   247.00000000000000        5.1723999999999997       0.29289937597141519     
   248.00000000000000        5.1864000000000008       0.43894904791634604     
   249.00000000000000        5.1744000000000003       0.39979194589186007     
   250.00000000000000        5.2856000000000005       0.52559113809542524     
   251.00000000000000        5.1791999999999998       0.60274571752937411     
   252.00000000000000        5.2640000000000011       0.53112208263888494     
   253.00000000000000        5.2347999999999999       0.43252252349829523     
   254.00000000000000        5.2083999999999993       0.39565394531641457     
   255.00000000000000        5.3184000000000005       0.38134825145644613     
   256.00000000000000        5.2972000000000001       0.44818270084122314     
   257.00000000000000        5.2967999999999993       0.51113746791945425     
   258.00000000000000        5.3524000000000003       0.37494627763335775     
   259.00000000000000        5.3323999999999998       0.36417553764938992     
   260.00000000000000        5.3472000000000000       0.43933606473607173     
   261.00000000000000        5.4199999999999990       0.37492991937753462     
   262.00000000000000        5.4184000000000001       0.37851734144921007     
   263.00000000000000        5.2911999999999999       0.29448138971569793     
   264.00000000000000        5.4375999999999998       0.34754862169838113     
   265.00000000000000        5.3959999999999990       0.35962943891363136     
   266.00000000000000        5.4611999999999998       0.45982818047131002     
   267.00000000000000        5.4276000000000000       0.37955037727407004     
   268.00000000000000        5.5760000000000005       0.46009081229204685     
   269.00000000000000        5.4532000000000007       0.39749907057892730     
   270.00000000000000        5.5108000000000006       0.46242279836146094     
   271.00000000000000        5.5536000000000003       0.24277799644027792     
   272.00000000000000        5.5376000000000003       0.37443741503457917     
   273.00000000000000        5.4468000000000005       0.40321397683005866     
   274.00000000000000        5.5800000000000001       0.34919590171961890     
   275.00000000000000        5.5712000000000002       0.37219254276367331     
   276.00000000000000        5.4943999999999997       0.35923474219512774     
   277.00000000000000        5.5864000000000003       0.30923101756166416     
   278.00000000000000        5.4084000000000003       0.41220685206445667     
   279.00000000000000        5.5643999999999991       0.31607284673702096     
   280.00000000000000        5.3956000000000000       0.22235467163970285     
   281.00000000000000        5.5687999999999995       0.48574634441353348     
   282.00000000000000        5.6039999999999992       0.37512901484393041     
   283.00000000000000        5.4760000000000009       0.38613756903754171     
   284.00000000000000        5.5991999999999997       0.37100128780848668     
   285.00000000000000        5.5152000000000001       0.33571840051514051     
   286.00000000000000        5.7096000000000000       0.29647529408029938     
   287.00000000000000        5.6360000000000001       0.34693323084805050     
   288.00000000000000        5.7360000000000007       0.26097254006248749     
   289.00000000000000        5.7355999999999998       0.30561820771820658     
   290.00000000000000        5.7408000000000010       0.39438187923213036     
   291.00000000000000        5.7167999999999992       0.42267634058329889     
   292.00000000000000        5.6787999999999998       0.29983728920866409     
   293.00000000000000        5.7924000000000007       0.32852234830119759     
   294.00000000000000        5.7879999999999994       0.35878808353802522     
   295.00000000000000        5.8044000000000011       0.35616450631071539     
   296.00000000000000        5.7108000000000008       0.34511988255290843     
   297.00000000000000        5.7083999999999993       0.33566358820170589     
   298.00000000000000        5.9160000000000004       0.33036007291707892     
   299.00000000000000        5.9299999999999997       0.24451493933000426     
   300.00000000000000        5.8536000000000001       0.40115034588044401     
   301.00000000000000        5.8723999999999998       0.38812346260207237     
   302.00000000000000        5.9935999999999998       0.39218227054946453     
   303.00000000000000        6.0004000000000000       0.51617550848093874     
   304.00000000000000        5.9512000000000009       0.48849446715847700     
   305.00000000000000        5.9104000000000001       0.45977463078242053     
   306.00000000000000        5.8828000000000005       0.45507918724840252     
   307.00000000000000        5.9935999999999998       0.47811184186687261     
   308.00000000000000        5.9896000000000011       0.39078360024727532     
   309.00000000000000        6.0340000000000007       0.25812486211995239     
   310.00000000000000        6.1727999999999996       0.22556437859043471     
   311.00000000000000        6.1679999999999993       0.51905212754704233     
   312.00000000000000        6.0199999999999996       0.35227766826121065     
   313.00000000000000        6.1235999999999997       0.36262965497414407     
   314.00000000000000        6.0584000000000007       0.43595800001580176     
   315.00000000000000        6.1295999999999999       0.48486497547713692     
   316.00000000000000        6.1236000000000006       0.36834983371789370     
   317.00000000000000        6.3376000000000001       0.44300469021846195     
   318.00000000000000        6.2731999999999992       0.47327905792108182     
   319.00000000000000        6.2687999999999988       0.41132760665921764     
   320.00000000000000        6.2480000000000011       0.55946959007815811     
   321.00000000000000        6.1784000000000008       0.42418528446370640     
   322.00000000000000        6.4227999999999996       0.44125094900747802     
   323.00000000000000        6.3248000000000006       0.63112682296561207     
   324.00000000000000        6.2751999999999999       0.50804654204992750     
   325.00000000000000        6.4319999999999995       0.27161410534473768     
   326.00000000000000        6.4672000000000001       0.62244192946455290     
   327.00000000000000        6.4287999999999998       0.48498815564002296     
   328.00000000000000        6.5295999999999994       0.53372052611830489     
   329.00000000000000        6.5624000000000011       0.57814169735647170     
   330.00000000000000        6.5144000000000002       0.41249463296171768     
   331.00000000000000        6.6360000000000001       0.49802097233840342     
   332.00000000000000        6.5072000000000001       0.44749495341660944     
   333.00000000000000        6.4463999999999997       0.48374538757491026     
   334.00000000000000        6.4615999999999998       0.45634762578056171     
   335.00000000000000        6.2707999999999995       0.41711836849188660     
   336.00000000000000        6.5939999999999994       0.38399189806267769     
   337.00000000000000        6.5663999999999998       0.47186890834920103     
   338.00000000000000        6.5064000000000011       0.30191212849657673     
   339.00000000000000        6.5207999999999995       0.42630317850093497     
   340.00000000000000        6.3975999999999997       0.45026490967972249     
   341.00000000000000        6.6216000000000008       0.40749947511895296     
   342.00000000000000        6.6955999999999989       0.53816957261525744     
   343.00000000000000        6.6012000000000004       0.49772120710293233     
   344.00000000000000        6.5932000000000004       0.52778800457927966     
   345.00000000000000        6.7859999999999987       0.51342942823505722     
   346.00000000000000        6.7228000000000012       0.49746396854445646     
   347.00000000000000        6.6116000000000010       0.55431864081551108     
   348.00000000000000        6.4744000000000002       0.39403192200068710     
   349.00000000000000        6.9248000000000003       0.50622015412707966     
   350.00000000000000        6.7832000000000008       0.46149053198425555     
   351.00000000000000        6.7607999999999988       0.48958867089289015     
   352.00000000000000        6.8120000000000003       0.37453141093608910     
   353.00000000000000        6.6712000000000016       0.51260658512265644     
   354.00000000000000        6.8195999999999994       0.39904085003919082     
   355.00000000000000        6.8691999999999993       0.40429714045214038     
   356.00000000000000        6.6211999999999991       0.35281748507943561     
   357.00000000000000        6.8688000000000002       0.51180135035208951     
   358.00000000000000        6.8108000000000004       0.67108946249115431     
   359.00000000000000        6.9920000000000000       0.66814768826460325     
   360.00000000000000        6.6792000000000016       0.72290967623901659     
   361.00000000000000        6.9159999999999995       0.53222885637247774     
   362.00000000000000        6.8696000000000010       0.49295192463362991     
   363.00000000000000        6.8524000000000003       0.82483549875111450     
   364.00000000000000        7.0536000000000003       0.57898670105625072     
   365.00000000000000        6.7964000000000002       0.54134466326402852     
   366.00000000000000        6.8163999999999998       0.49966904602502210     
   367.00000000000000        6.8483999999999998       0.48338602011688797     
   368.00000000000000        6.8763999999999994       0.60185328592421761     
   369.00000000000000        6.9064000000000005       0.38370914911050946     
   370.00000000000000        6.8279999999999985       0.57852532836130499     
   371.00000000000000        7.0251999999999999       0.40005355197078857     
   372.00000000000000        6.8183999999999996       0.59802697820973483     
   373.00000000000000        6.9727999999999994       0.69243223495155104     
   374.00000000000000        7.0884000000000000       0.49886074654601187     
   375.00000000000000        7.0455999999999985       0.50173104791755152     
   376.00000000000000        7.0648000000000000       0.46786816756670052     
   377.00000000000000        6.9136000000000006       0.44077588157450015     
   378.00000000000000        6.9924000000000008       0.56627735646451949     
   379.00000000000000        6.8959999999999990       0.66576472320682978     
   380.00000000000000        7.2108000000000008       0.33694074652179812     
   381.00000000000000        7.0740000000000007       0.46817755416318496     
   382.00000000000000        6.9831999999999992       0.49822368916425935     
   383.00000000000000        6.9931999999999999       0.60405459650229920     
   384.00000000000000        7.2351999999999990       0.65721513474153470     
   385.00000000000000        7.0088000000000008       0.28269056502747936     
   386.00000000000000        7.1892000000000014       0.43479773075151484     
   387.00000000000000        7.0367999999999995       0.44301512389533604     
   388.00000000000000        7.3132000000000001       0.47069518327209975     
   389.00000000000000        7.4359999999999999       0.67713907975639220     
   390.00000000000000        7.2619999999999987       0.53913923165645361     
   391.00000000000000        7.3047999999999984       0.40152509261564201     
   392.00000000000000        7.3340000000000005       0.70558470630943915     
   393.00000000000000        7.3108000000000004       0.48927356583226733     
   394.00000000000000        7.1492000000000004       0.48303503438616580     
   395.00000000000000        7.2092000000000001       0.43267457619888966     
   396.00000000000000        7.3704000000000010       0.72628662845096270     
   397.00000000000000        7.3579999999999997       0.65586787287278103     
   398.00000000000000        7.1915999999999993       0.47900804910889672     
   399.00000000000000        7.3644000000000007       0.71729727294740053     
   400.00000000000000        7.1487999999999996       0.40762858911841149     
   401.00000000000000        7.2668000000000008       0.61853173815990348     
   402.00000000000000        7.4951999999999996       0.62738908714343011     
   403.00000000000000        7.4931999999999990       0.56760252133180511     
   404.00000000000000        7.4403999999999995       0.55031449594249682     
   405.00000000000000        7.6836000000000011       0.71363719384883806     
   406.00000000000000        7.4847999999999999       0.80247350942777729     
   407.00000000000000        7.5352000000000006       0.66464707426824154     
   408.00000000000000        7.1652000000000013       0.48588997382809485     
   409.00000000000000        7.5680000000000005       0.80306523880552672     
   410.00000000000000        7.4680000000000009       0.41285994396808862     
   411.00000000000000        7.5140000000000002       0.63684011598935353     
   412.00000000000000        7.4316000000000004       0.70074106804471226     
   413.00000000000000        7.5064000000000011       0.48064105340911345     
   414.00000000000000        7.2732000000000001       0.85634479037359701     
   415.00000000000000        7.5299999999999994       0.69951157563291566     
   416.00000000000000        7.6647999999999996       0.65667390858950847     
   417.00000000000000        7.5672000000000015       0.71224664891376577     
   418.00000000000000        7.6883999999999997       0.74821375436583815     
   419.00000000000000        7.3776000000000010       0.67010367357098832     
   420.00000000000000        7.4679999999999991       0.58271090602459108     
   421.00000000000000        7.5340000000000007       0.52088215771153279     
   422.00000000000000        7.5259999999999989       0.69997650754229712     
   423.00000000000000        7.6784000000000008       0.40219928725280785     
   424.00000000000000        7.9184000000000001       0.61131028673388654     
   425.00000000000000        7.8015999999999988       0.50058880885968227     
   426.00000000000000        7.7732000000000001       0.72103888013523010     
   427.00000000000000        7.8940000000000010       0.73336060555348759     
   428.00000000000000        7.7388000000000003       0.73548786529758592     
   429.00000000000000        7.5563999999999991       0.40828943981771881     
   430.00000000000000        7.8891999999999998       0.77437871871584896     
   431.00000000000000        7.7055999999999996       0.55122715624121588     
   432.00000000000000        7.7431999999999999       0.70437060951998554     
   433.00000000000000        7.8728000000000007       0.75973281853264407     
   434.00000000000000        7.7824000000000009       0.63411797009704729     
   435.00000000000000        7.7731999999999983       0.41795289474080960     
   436.00000000000000        7.7523999999999997       0.38290793787657229     
   437.00000000000000        7.8395999999999999       0.68394268765737976     
   438.00000000000000        7.9947999999999997       0.67341134861572116     
   439.00000000000000        7.7964000000000011       0.51025901919188688     
   440.00000000000000        7.9660000000000011       0.81098294268950755     
   441.00000000000000        7.8739999999999997       0.58488289426174878     
   442.00000000000000        8.0247999999999990       0.79217237181478783     
   443.00000000000000        8.0188000000000006       0.60886794773397090     
   444.00000000000000        7.8311999999999999       0.59978899993618107     
   445.00000000000000        8.1072000000000006       0.67724356360503324     
   446.00000000000000        7.9535999999999998       0.79236848891296918     
   447.00000000000000        8.2220000000000013       0.52182670601561865     
   448.00000000000000        8.1880000000000006       0.69067438863122121     
   449.00000000000000        8.0815999999999999       0.82469700833430681     
   450.00000000000000        7.9640000000000004       0.75140401915347765     
   451.00000000000000        7.8268000000000004       0.54694968283705570     
   452.00000000000000        7.9371999999999998       0.60955954954741243     
   453.00000000000000        8.0736000000000008       0.88737555622057651     
   454.00000000000000        7.8995999999999995       0.44282908666888615     
   455.00000000000000        8.2919999999999980       0.87194495239091807     
   456.00000000000000        8.1299999999999990       0.64616819275892323     
   457.00000000000000        8.3575999999999997       0.70323746582028279     
   458.00000000000000        8.3212000000000010       0.75165725049534537     
   459.00000000000000        7.8208000000000002       0.62510955484263342     
   460.00000000000000        8.2236000000000011       0.62029799290341114     
   461.00000000000000        8.2255999999999982       0.74707893380374013     
   462.00000000000000        8.3127999999999993       0.98258941351693596     
   463.00000000000000        8.2035999999999998       0.65322298387814448     
   464.00000000000000        8.0759999999999987       0.91455198503602475     
   465.00000000000000        7.9424000000000010       0.55513505864188883     
   466.00000000000000        8.6600000000000001       0.60256341298378435     
   467.00000000000000        8.6191999999999993       0.59934720043282652     
   468.00000000000000        8.2191999999999990       0.81207290313123970     
   469.00000000000000        8.4667999999999992       0.74781590129003150     
   470.00000000000000        8.3932000000000002       0.50631935464575017     
   471.00000000000000        8.4571999999999985       0.68982973744734055     
   472.00000000000000        8.3432000000000013       0.72765755071400962     
   473.00000000000000        8.2203999999999997       0.58829909248801515     
   474.00000000000000        8.6204000000000001       0.71139662323879171     
   475.00000000000000        8.4548000000000005       0.75109176832424684     
   476.00000000000000        8.4920000000000009       0.67264519291789726     
   477.00000000000000        8.4415999999999993       0.80357025551942596     
   478.00000000000000        8.6852000000000000       0.70269588807044492     
   479.00000000000000        8.6399999999999988       0.81412202197623063     
   480.00000000000000        8.3808000000000007       0.73408640121204038     
   481.00000000000000        8.5259999999999998       0.73930958783629097     
   482.00000000000000        8.2808000000000010       0.96159829912957384     
   483.00000000000000        8.3360000000000003       0.59348462490615539     
   484.00000000000000        8.6384000000000007       0.51952867528601787     
   485.00000000000000        8.6988000000000003       0.53543934193229470     
   486.00000000000000        8.3343999999999987       0.82378681168801848     
   487.00000000000000        8.4223999999999997       0.62916720971279005     
   488.00000000000000        8.4955999999999996       0.63995680409783218     
   489.00000000000000        8.5956000000000010       0.56876458711452460     
   490.00000000000000        8.5411999999999999       0.54239649294179204     
   491.00000000000000        8.4939999999999980       0.68762845264640504     
   492.00000000000000        8.4695999999999998       0.53854850189085957     
   493.00000000000000        8.3240000000000016       0.55869371454014671     
   494.00000000000000        8.3743999999999996       0.59857965217671749     
   495.00000000000000        8.5627999999999993       0.58592999202597185     
   496.00000000000000        8.6564000000000014       0.79495844755140099     
   497.00000000000000        8.7660000000000000       0.39216436463412774     
   498.00000000000000        8.6984000000000012        1.1061303117927228     
   499.00000000000000        8.8108000000000004       0.65943288766434272     
   500.00000000000000        8.9243999999999986       0.45823409834809203     
   501.00000000000000        8.5915999999999997       0.86480918897369075     
   502.00000000000000        9.0419999999999980       0.71737360481752399     
   503.00000000000000        8.5343999999999998       0.57004077826843991     
   504.00000000000000        8.7103999999999981       0.60653976694763290     
   505.00000000000000        8.7268000000000008       0.89473730471264257     
   506.00000000000000        8.9944000000000024       0.77424360220511701     
   507.00000000000000        8.6404000000000014       0.94889025240599412     
   508.00000000000000        8.8020000000000014        1.0928978807636960     
   509.00000000000000        8.5215999999999994       0.62984781230600995     
   510.00000000000000        8.7527999999999988       0.69585387993617021     
   511.00000000000000        8.3992000000000004       0.61799331172216865     
   512.00000000000000        9.1419999999999995       0.85463286464617838     
   513.00000000000000        8.6611999999999973        1.0132018335729340     
   514.00000000000000        8.9015999999999984       0.65858622990632143     
   515.00000000000000        8.9492000000000012       0.61382313775585584     
   516.00000000000000        8.6072000000000006       0.92947928074451092     
   517.00000000000000        8.9024000000000001        1.0201232169585088     
   518.00000000000000        8.6600000000000019       0.80562687806866651     
   519.00000000000000        8.6484000000000005       0.46227437739939681     
   520.00000000000000        8.8919999999999995       0.85287279239051828     
   521.00000000000000        8.8120000000000012       0.50773571428013187     
   522.00000000000000        8.7040000000000006       0.59216514213144589     
   523.00000000000000        8.8131999999999984       0.68853480505910369     
   524.00000000000000        8.9927999999999990       0.47259397654505331     
   525.00000000000000        8.7491999999999983       0.43866889563770078     
   526.00000000000000        8.5292000000000012       0.69115053835374152     
   527.00000000000000        8.8103999999999978       0.61128992939339177     
   528.00000000000000        9.1395999999999997       0.79293648337471967     
   529.00000000000000        8.9120000000000008        1.1679086722285550     
   530.00000000000000        8.9180000000000010       0.96588059993631381     
   531.00000000000000        8.7232000000000003       0.83617924713145897     
   532.00000000000000        9.1340000000000003        1.1305507016002814     
   533.00000000000000        8.5151999999999983       0.65772077831114784     
   534.00000000000000        8.6863999999999990       0.53918522894373810     
   535.00000000000000        8.9796000000000014       0.79847510223480911     
   536.00000000000000        8.9016000000000002       0.56511693971739640     
   537.00000000000000        9.0451999999999995       0.98211753087114961     
   538.00000000000000        9.0703999999999994       0.84754746835272365     
   539.00000000000000        8.8623999999999992        1.2109048223906325     
   540.00000000000000        9.0343999999999998       0.78184556588170850     
   541.00000000000000        8.7027999999999999       0.92329468029804351     
   542.00000000000000        9.3116000000000021        1.1424300805252323     
   543.00000000000000        8.7307999999999986       0.84759749357292902     
   544.00000000000000        9.0408000000000008       0.97074138906530816     
   545.00000000000000        8.5507999999999988       0.70403547890397933     
   546.00000000000000        8.6448000000000000       0.71888506267228358     
   547.00000000000000        9.1591999999999985       0.85931404167639558     
   548.00000000000000        8.7660000000000018       0.66220171482042478     
   549.00000000000000        9.2367999999999988       0.72088291544312366     
   550.00000000000000        9.2168000000000010        1.0228010341975389     
   551.00000000000000        8.5047999999999995       0.54438156552999573     
   552.00000000000000        8.9216000000000015       0.40123897008031373     
   553.00000000000000        9.1131999999999991       0.75831169199889159     
   554.00000000000000        9.1048000000000009       0.72963381987892484     
   555.00000000000000        9.3203999999999976       0.89749765706905549     
   556.00000000000000        9.2059999999999995       0.83428585562077506     
   557.00000000000000        8.9179999999999993       0.80107316908146564     
   558.00000000000000        9.7367999999999988        1.0673627728607031     
   559.00000000000000        9.0371999999999986       0.85122667042594713     
   560.00000000000000        9.2655999999999992        1.2290718449301488     
   561.00000000000000        9.4103999999999992       0.96440507856167756     
   562.00000000000000        9.3408000000000015        1.1380807235575749     
   563.00000000000000        9.5839999999999996        1.3703903742283721     
   564.00000000000000        9.0351999999999997        1.2061690318248657     
   565.00000000000000        9.0772000000000013       0.78219758799593997     
   566.00000000000000        9.4872000000000014       0.61760195739471069     
   567.00000000000000        9.5499999999999989       0.94897605636578386     
   568.00000000000000        9.4648000000000003        1.0790230972710662     
   569.00000000000000        9.5228000000000002        1.0231733642610785     
   570.00000000000000        9.6947999999999990        1.1338995448353342     
   571.00000000000000        9.5295999999999985       0.76580751860735596     
   572.00000000000000        9.5584000000000007       0.69612565915453306     
   573.00000000000000        9.7936000000000014        1.2331137822601770     
   574.00000000000000        10.013999999999999        1.1823460670303860     
   575.00000000000000        9.8504000000000005        1.0679512265184314     
   576.00000000000000        9.3795999999999999       0.91283480311487764     
   577.00000000000000        10.093200000000001        1.0264485482586170     
   578.00000000000000        9.7443999999999988       0.95041595572090898     
   579.00000000000000        9.5020000000000007       0.94056106187270538     
   580.00000000000000        9.6712000000000007       0.91970971265696433     
   581.00000000000000        9.8567999999999998       0.93981520642210437     
   582.00000000000000        9.9240000000000013        1.0192999776535094     
   583.00000000000000        9.9551999999999996       0.97489700880543151     
   584.00000000000000        9.5447999999999986       0.66098324066835801     
   585.00000000000000        9.5972000000000008       0.73262523389065282     
   586.00000000000000        9.6348000000000003        1.1166203771500265     
   587.00000000000000        10.122400000000003        1.2406481460197416     
   588.00000000000000        9.5367999999999995       0.79953052891472942     
   589.00000000000000        9.6912000000000003        1.1502669062246187     
   590.00000000000000        9.7899999999999974        1.0100776647807279     
   591.00000000000000        9.5804000000000009       0.83632731497768131     
   592.00000000000000        9.6556000000000015       0.85380080945277992     
   593.00000000000000        9.7796000000000003        1.0761453020438787     
   594.00000000000000        9.7639999999999993        1.1308710507097319     
   595.00000000000000        9.8483999999999998       0.99238066173106088     
   596.00000000000000        9.6347999999999985       0.68470541922136896     
   597.00000000000000        9.6852000000000000       0.72112270492306341     
   598.00000000000000        10.001600000000000       0.90017519282514002     
   599.00000000000000        9.9915999999999983        1.0722246033364466     
   600.00000000000000        9.9748000000000001        1.1384497061062173     
   601.00000000000000        10.230399999999999        1.4051476158120266     
   602.00000000000000        10.007200000000001        1.2513342923100572     
   603.00000000000000        9.6859999999999999       0.88921488466574328     
   604.00000000000000        9.6008000000000013       0.85574824958434281     
   605.00000000000000        9.6543999999999990        1.6231253254823619     
   606.00000000000000        9.7235999999999994       0.86260473760195244     
   607.00000000000000        10.156000000000001        1.1070360829209176     
   608.00000000000000        9.8475999999999981        1.6279103988446870     
   609.00000000000000        10.159200000000002        1.0902603970306053     
   610.00000000000000        10.142399999999999        1.1440049727941646     
   611.00000000000000        10.286000000000000       0.95298781617488593     
   612.00000000000000        10.240000000000000       0.91395890984709405     
   613.00000000000000        9.8496000000000006        1.0483073340708187     
   614.00000000000000        9.8943999999999992       0.83006227343361283     
   615.00000000000000        9.9084000000000003       0.82960435014395773     
   616.00000000000000        10.643600000000001        1.1961619362685714     
   617.00000000000000        10.079200000000000       0.91316845227056653     
   618.00000000000000        9.7248000000000001       0.87393221196561410     
   619.00000000000000        10.442400000000001        1.5773825858751649     
   620.00000000000000        10.548000000000000        1.0799160461196353     
   621.00000000000000        10.116400000000001        1.2486229926514156     
   622.00000000000000        10.398800000000000        1.5137415602113562     
   623.00000000000000        10.484800000000000       0.66567606402981172     
   624.00000000000000        10.354400000000000        1.1601152433175672     
   625.00000000000000        10.158799999999999       0.99747245019042419     
   626.00000000000000        9.9635999999999996        1.3701444530494669     
   627.00000000000000        9.9195999999999991        1.2469617476089632     
   628.00000000000000        10.172000000000001        1.0668166561212744     
   629.00000000000000        10.106400000000001        1.4335810018582453     
   630.00000000000000        10.053599999999999        1.3607320905388478     
   631.00000000000000        9.9515999999999991        1.2115583353681323     
   632.00000000000000        9.8120000000000012       0.99639528077744111     
   633.00000000000000        9.7776000000000014        1.3087523490374759     
   634.00000000000000        10.481599999999998        1.2501366325326206     
   635.00000000000000        10.435599999999999        1.0601994780857673     
   636.00000000000000        10.441599999999999        1.1411654082072806     
   637.00000000000000        10.248400000000000        1.2753337863738523     
   638.00000000000000        9.5903999999999989       0.92963113353869797     
   639.00000000000000        9.9840000000000000       0.95289593695569219     
   640.00000000000000        9.9732000000000021       0.83154057828426697     
   641.00000000000000        9.7940000000000005        1.2508873295029854     
   642.00000000000000        10.331199999999999        1.0395363068855907     
   643.00000000000000        9.9683999999999990        1.1023973068826967     
   644.00000000000000        10.283199999999999        1.1425784485588337     
   645.00000000000000        10.464800000000000        1.4035507986690203     
   646.00000000000000        10.163600000000001        1.1706278657199307     
   647.00000000000000        10.049999999999999       0.70166342042004415     
   648.00000000000000        10.433199999999998        1.2441136782643474     
   649.00000000000000        10.590799999999998        1.2191422121037945     
   650.00000000000000        9.7343999999999991       0.63806150870342337     
   651.00000000000000        9.9223999999999997       0.83659882859109946     
   652.00000000000000        10.291599999999999        1.1887658586393983     
   653.00000000000000        10.170399999999999        1.0063181736740456     
   654.00000000000000        9.7644000000000002       0.51284808233584711     
   655.00000000000000        10.401200000000001        1.2589774333870234     
   656.00000000000000        10.469999999999999        1.1194923452668673     
   657.00000000000000        10.417600000000002        1.0203096697680669     
   658.00000000000000        10.409200000000002       0.75310096711308694     
   659.00000000000000        10.460799999999999        1.5094944554754453     
   660.00000000000000        9.7820000000000000        1.0706330422283401     
   661.00000000000000        10.521200000000000        1.3826082276303404     
   662.00000000000000        10.505599999999999        1.1878573801410486     
   663.00000000000000        11.248400000000002        1.1877170632024370     
   664.00000000000000        10.460399999999998        1.1820471131802563     
   665.00000000000000        10.439600000000000       0.84332137013912623     
   666.00000000000000        10.909600000000001        1.0694001641626543     
   667.00000000000000        10.990000000000000        1.1963696938841455     
   668.00000000000000        10.624000000000001        1.3994881604040499     
   669.00000000000000        10.207599999999999       0.81417759460424588     
   670.00000000000000        10.661600000000000       0.70628215954311702     
   671.00000000000000        10.724800000000000        1.0038376141366467     
   672.00000000000000        10.377199999999998       0.98457625403012838     
   673.00000000000000        10.292800000000002       0.86308140468388705     
   674.00000000000000        10.546400000000000        1.0351737588980465     
   675.00000000000000        10.384400000000001        1.2436168756226063     
   676.00000000000000        10.505599999999999        1.1946074390080341     
   677.00000000000000        10.490400000000001        1.1921852205089609     
   678.00000000000000        10.399200000000000       0.89427174592265590     
   679.00000000000000        10.979200000000001        1.2630654773209502     
   680.00000000000000        10.891200000000001        1.0847218588703333     
   681.00000000000000        10.811999999999999        1.0821460160255636     
   682.00000000000000        10.008799999999999       0.90760304587902785     
   683.00000000000000        10.163599999999999       0.97545786400256407     
   684.00000000000000        10.979999999999999        1.7122440116862887     
   685.00000000000000        10.323599999999999       0.81731364848508448     
   686.00000000000000        11.040400000000000        1.3495960877240276     
   687.00000000000000        10.553600000000001        1.4238479319552815     
   688.00000000000000        11.256000000000000        1.8800822677035529     
   689.00000000000000        10.775599999999999        1.5728761482639937     
   690.00000000000000        10.996000000000000        1.1147033486787212     
   691.00000000000000        10.953199999999999        1.5505251296827722     
   692.00000000000000        11.004400000000000        1.1131432173005513     
   693.00000000000000        10.662400000000002        1.3142598423954579     
   694.00000000000000        10.725199999999999        1.5446205431180249     
   695.00000000000000        10.482000000000003        1.0580522986443852     
   696.00000000000000        10.782000000000000        1.5219370698042820     
   697.00000000000000        11.292400000000001        1.2779420261585506     
   698.00000000000000        11.033999999999999        1.1616911044775291     
   699.00000000000000        11.221200000000000        1.9401947668554655     
   700.00000000000000        10.701599999999999        1.3496089310117456     
   701.00000000000000        10.716400000000000        1.5113019552690325     
   702.00000000000000        10.527200000000001        1.6918416526902800     
   703.00000000000000        10.994400000000001        1.2247799983851977     
   704.00000000000000        10.880800000000001       0.96819061484124458     
   705.00000000000000        10.732799999999999        1.5910726500627739     
   706.00000000000000        11.101600000000001        1.5128277569578839     
   707.00000000000000        10.549199999999999        1.1327152039825958     
   708.00000000000000        11.029599999999999       0.82262063620548131     
   709.00000000000000        10.925999999999998        1.4048224877977369     
   710.00000000000000        10.685599999999999        1.3145668657183036     
   711.00000000000000        11.372000000000000        1.6984855999782080     
   712.00000000000000        11.078400000000000        1.5216239278408374     
   713.00000000000000        10.950799999999997        1.4592016691023593     
   714.00000000000000        10.956399999999999        1.5514998621405749     
   715.00000000000000        11.021600000000001        1.4942118844245469     
   716.00000000000000        11.653600000000001        1.7657866487457903     
   717.00000000000000        10.984000000000002       0.94112556725090279     
   718.00000000000000        11.664400000000001        1.5436055339510948     
   719.00000000000000        11.032799999999998        1.3185538205844227     
   720.00000000000000        11.089200000000002        1.2658594620959225     
   721.00000000000000        10.908000000000001        1.6797301370557516     
   722.00000000000000        10.716000000000001        1.2612529925082876     
   723.00000000000000        11.656400000000000        1.8739130301175786     
   724.00000000000000        11.212000000000000        1.4684558783520421     
   725.00000000000000        10.537200000000000       0.95228389791186852     
   726.00000000000000        10.910400000000001        1.9673261719060890     
   727.00000000000000        10.891999999999999        1.2311093461680087     
   728.00000000000000        11.014399999999998        1.2840425053539135     
   729.00000000000000        10.873600000000000        1.5614388805770718     
   730.00000000000000        11.510000000000000       0.93583141881668208     
   731.00000000000000        11.546800000000001        1.5088727801463802     
   732.00000000000000        11.272400000000001        1.7827972527588336     
   733.00000000000000        11.445200000000000        2.0442700843523043     
   734.00000000000000        10.790000000000001        1.4404508553458761     
   735.00000000000000        10.921999999999999       0.78434516211508132     
   736.00000000000000        11.571200000000001        1.8350249650133430     
   737.00000000000000        11.136399999999998        1.5475129294020995     
   738.00000000000000        11.526000000000002        1.5783865179353249     
   739.00000000000000        11.256799999999998        1.3609118511743024     
   740.00000000000000        11.134000000000000       0.88996029873996818     
   741.00000000000000        11.058399999999999        1.4531464099975915     
   742.00000000000000        11.502799999999999        1.7979376333269552     
   743.00000000000000        11.284800000000001        1.7284071536790426     
   744.00000000000000        10.838800000000001        1.4564505407935340     
   745.00000000000000        11.223600000000001        1.7274911287760641     
   746.00000000000000        10.894800000000000        1.2449564740271937     
   747.00000000000000        10.608800000000000       0.96794086137073021     
   748.00000000000000        11.062800000000001        1.2063049918380235     
   749.00000000000000        11.036000000000001        1.4339378570139565     
   750.00000000000000        11.374799999999999        1.2941908497418593     
   751.00000000000000        10.979600000000001        1.9029226176828340     
   752.00000000000000        11.125200000000001        1.5341482472187766     
   753.00000000000000        11.760000000000002        1.8892331189606479     
   754.00000000000000        11.884399999999999       0.95296393775770294     
   755.00000000000000        11.811199999999998        1.2182841120928147     
   756.00000000000000        11.414400000000001        1.4101085222224723     
   757.00000000000000        11.190800000000001        1.9814213080513692     
   758.00000000000000        12.084400000000000        1.3816852190149695     
   759.00000000000000        10.813199999999998        1.7402988759916433     
   760.00000000000000        11.043200000000001        1.3036615784440038     
   761.00000000000000        10.760000000000002       0.86586424391407291     
   762.00000000000000        11.380400000000000        1.4232725357819249     
   763.00000000000000        11.464000000000000        1.4557814243750866     
   764.00000000000000        10.884800000000002        1.3050395311168845     
   765.00000000000000        11.332800000000001        1.5378192929527763     
   766.00000000000000        11.312800000000001        2.0586017260914429     
   767.00000000000000        11.208400000000001       0.77331137899871150     
   768.00000000000000        11.082000000000003        1.9216106670071218     
   769.00000000000000        11.554000000000000        1.4381596264362004     
   770.00000000000000        11.244800000000001        1.2172490660866779     
   771.00000000000000        10.889600000000002        1.3324706542526343     
   772.00000000000000        11.265600000000001        1.6377808291845539     
   773.00000000000000        11.258400000000002        1.2204206196590131     
   774.00000000000000        11.733599999999999        1.6495539599136084     
   775.00000000000000        11.344800000000001       0.89981489454467467     
   776.00000000000000        11.411200000000001        1.3593708348595190     
   777.00000000000000        10.757600000000000        1.2154460726644991     
   778.00000000000000        11.230800000000000        1.3259771072265496     
   779.00000000000000        10.957199999999998        1.3392509349134940     
   780.00000000000000        10.981999999999999        1.2068460271854624     
   781.00000000000000        10.986000000000001       0.65798142493200806     
   782.00000000000000        11.311999999999999        1.3639459096476090     
   783.00000000000000        11.548399999999997        1.1790684835449081     
   784.00000000000000        11.455200000000000        1.2995558899528374     
   785.00000000000000        11.128399999999999        1.2546524264158223     
   786.00000000000000        11.454800000000002        1.1506103501089231     
   787.00000000000000        11.299200000000001        1.0167884954327742     
   788.00000000000000        11.511600000000000        1.8323798247694778     
   789.00000000000000        11.656400000000000        1.3591323376003941     
   790.00000000000000        11.107600000000001        1.2526458398126739     
   791.00000000000000        11.642399999999999        1.3503951026767440     
   792.00000000000000        11.848399999999998        1.2745766355931687     
   793.00000000000000        11.067200000000001        1.2578440814875798     
   794.00000000000000        11.062799999999999        1.3295627351376340     
   795.00000000000000        11.574800000000000        1.7181592734344766     
   796.00000000000000        11.558800000000000        1.6537430137586542     
   797.00000000000000        10.840000000000002        1.2802957991547625     
   798.00000000000000        11.300400000000000        1.2698492648954660     
   799.00000000000000        11.157600000000000        1.3685394647823155     
   800.00000000000000        11.496800000000002        1.7008565685167769     
   801.00000000000000        11.584799999999998        1.7950478049963523     
   802.00000000000000        11.262000000000000        1.5812043230117707     
   803.00000000000000        11.376799999999999        1.4397404704398022     
   804.00000000000000        11.150000000000002        1.0477646046067153     
   805.00000000000000        11.251999999999999        1.0752074735190003     
   806.00000000000000        11.613599999999998        2.0459757357092756     
   807.00000000000000        11.274400000000000        1.4976202752663603     
   808.00000000000000        11.632800000000000        1.8269370116247694     
   809.00000000000000        11.272400000000001        1.6845118778645243     
   810.00000000000000        11.906000000000001        1.8761712786061582     
   811.00000000000000        11.192400000000001        1.3939978638593549     
   812.00000000000000        12.134800000000002        2.2632295901604360     
   813.00000000000000        11.667200000000001        1.8091145040844956     
   814.00000000000000        11.742000000000001        1.4925691497102123     
   815.00000000000000        11.136400000000000        1.6003171352370547     
   816.00000000000000        11.693999999999999        1.0931581160411636     
   817.00000000000000        11.861999999999998        1.6833049502557624     
   818.00000000000000        11.623200000000001        1.8094731461579270     
   819.00000000000000        12.027999999999999        2.2540519564158727     
   820.00000000000000        11.368000000000002        1.4062185700191372     
   821.00000000000000        11.450399999999998        1.1268318616565847     
   822.00000000000000        11.373600000000001        1.0581093411258489     
   823.00000000000000        11.194799999999999        1.2468499686988985     
   824.00000000000000        11.462000000000000        1.0929710781982191     
   825.00000000000000        11.641999999999999        1.0676699448383433     
   826.00000000000000        11.518400000000000        1.4612277334108086     
   827.00000000000000        12.291200000000000        1.7676397823086016     
   828.00000000000000        12.008400000000000        1.5244723094311103     
   829.00000000000000        11.368399999999999        1.2098094615820019     
   830.00000000000000        11.347600000000002        1.3865172355381827     
   831.00000000000000        11.007600000000000       0.92976929037978728     
   832.00000000000000        11.613600000000002        1.1315345725557344     
   833.00000000000000        11.369199999999998        1.2751743061680278     
   834.00000000000000        11.410400000000001        1.0494090612233997     
   835.00000000000000        10.914399999999999        1.3367598637501550     
   836.00000000000000        10.994000000000002        1.1717159306855147     
   837.00000000000000        10.708400000000001        1.0668507341183628     
   838.00000000000000        11.270799999999999        1.3435820117217345     
   839.00000000000000        11.866400000000001        1.2405435367880753     
   840.00000000000000        11.906000000000001        1.7276802687740320     
   841.00000000000000        11.653600000000001       0.65256335580028779     
   842.00000000000000        12.025200000000002        1.8127519165928665     
   843.00000000000000        11.973200000000000       0.93451363464281922     
   844.00000000000000        11.860399999999998        1.6538391161845885     
   845.00000000000000        11.548800000000000        1.3906133578788573     
   846.00000000000000        11.904000000000000        1.5556234905800455     
   847.00000000000000        11.436800000000002        1.0983993202231452     
   848.00000000000000        11.494800000000001        1.5116072976213837     
   849.00000000000000        11.737600000000000        1.3558868520476020     
   850.00000000000000        11.729600000000001        1.6776567785654690     
   851.00000000000000        11.952799999999998        1.0406216945226112     
   852.00000000000000        11.287600000000001        1.3039460793214486     
   853.00000000000000        11.407999999999999        1.4528255993828787     
   854.00000000000000        12.156400000000001        1.7087179859636157     
   855.00000000000000        12.345200000000000        1.6507571865325588     
   856.00000000000000        11.780000000000001        1.3081229979546178     
   857.00000000000000        11.904399999999999        1.0378789481972894     
   858.00000000000000        11.396399999999998        1.0881575866267410     
   859.00000000000000        12.209199999999999        1.6151065186750582     
   860.00000000000000        11.435200000000000        1.2567751323659029     
   861.00000000000000        11.790400000000000        1.1675375035613298     
   862.00000000000000        11.111200000000000        1.0834821231156104     
   863.00000000000000        11.769599999999997        1.5309816168429689     
   864.00000000000000        11.160800000000000        1.2601161145792172     
   865.00000000000000        11.675599999999999        1.3838849663176489     
   866.00000000000000        11.706400000000000        1.6100619173739181     
   867.00000000000000        11.652800000000001        1.0779813232766760     
   868.00000000000000        11.247600000000000        1.0162002427343408     
   869.00000000000000        11.654000000000000        1.6204868952810996     
   870.00000000000000        11.683600000000000        1.5896783182630236     
   871.00000000000000        12.045600000000000        1.6951383555463679     
   872.00000000000000        12.031599999999999        1.4822462833296111     
   873.00000000000000        11.445600000000001        1.1805327610871288     
   874.00000000000000        11.614000000000001        1.4411837726905843     
   875.00000000000000        12.233200000000000        1.0014532551358664     
   876.00000000000000        11.421600000000000       0.77409204161319767     
   877.00000000000000        11.675200000000000        1.6908220748762681     
   878.00000000000000        12.108000000000001        1.6231711075682824     
   879.00000000000000        11.549199999999999        1.0461154387117662     
   880.00000000000000        11.921199999999999        1.4573559620079095     
   881.00000000000000        11.622399999999999        1.0626946044006351     
   882.00000000000000        11.482000000000001        1.3402198824571037     
   883.00000000000000        11.253200000000000        1.0271895638099131     
   884.00000000000000        11.224000000000000        1.2291207336050345     
   885.00000000000000        11.702000000000002        1.2006313154151675     
   886.00000000000000        11.420799999999998        1.3405429082610110     
   887.00000000000000        11.830800000000000        1.1888116195035554     
   888.00000000000000        11.330400000000001        1.7846537915112712     
   889.00000000000000        11.767599999999998        1.3168561213908090     
   890.00000000000000        12.300800000000001        1.0934582042512846     
   891.00000000000000        11.188400000000000        1.4550050935382397     
   892.00000000000000        12.057599999999999        1.7524577788542202     
   893.00000000000000        12.036400000000000        1.4469000733368638     
   894.00000000000000        11.628400000000001        1.2036292526263135     
   895.00000000000000        11.488000000000000       0.92232170815466208     
   896.00000000000000        11.683999999999999        1.2621181490740963     
   897.00000000000000        11.655600000000002        1.0530521987695260     
   898.00000000000000        11.765200000000000        1.0375613288433176     
   899.00000000000000        11.738799999999999        1.5831535897975562     
   900.00000000000000        11.621999999999998        1.1042338721685929     
   901.00000000000000        11.793600000000000        1.3019495808636796     
   902.00000000000000        11.585199999999999        1.5824145263910252     
   903.00000000000000        11.982399999999998        1.3508979071549250     
   904.00000000000000        12.090399999999999        1.3550395812177094     
   905.00000000000000        12.018400000000002        1.5580936500166549     
   906.00000000000000        11.928800000000003        1.7920573403524542     
   907.00000000000000        11.994400000000001        1.7345566964885679     
   908.00000000000000        11.790800000000001        1.7873959208238608     
   909.00000000000000        12.231600000000002        1.3473997344680029     
   910.00000000000000        12.332800000000002        1.6687920315139462     
   911.00000000000000        12.013600000000002        1.9700397739921671     
   912.00000000000000        11.884399999999999        1.4507052078213545     
   913.00000000000000        12.446800000000000        1.3221182330723007     
   914.00000000000000        12.104000000000003        1.9588313976563794     
   915.00000000000000        11.629600000000000        1.5802966810064494     
   916.00000000000000        12.457599999999999        2.2410903695398905     
   917.00000000000000        12.032000000000000        2.4285165110504074     
   918.00000000000000        12.451200000000000        2.0210789637660818     
   919.00000000000000        11.430000000000000        1.0442515661148581     
   920.00000000000000        12.406000000000001        1.7233324306896411     
   921.00000000000000        12.250800000000000        2.0296679969339264     
   922.00000000000000        12.445200000000003        1.3582381398136500     
   923.00000000000000        12.237200000000001        1.6623635649948003     
   924.00000000000000        12.772000000000000        1.9455923976459657     
   925.00000000000000        12.305199999999999        2.3908812322377426     
   926.00000000000000        12.310800000000000       0.73901327607981582     
   927.00000000000000        12.353199999999999        1.5955237941747467     
   928.00000000000000        12.083200000000000        1.2986800820662323     
   929.00000000000000        12.425599999999999        1.9806766071780173     
   930.00000000000000        12.252000000000001        2.1261704750299044     
   931.00000000000000        12.506800000000000        1.8954880227647033     
   932.00000000000000        13.282000000000000        2.0686083351965014     
   933.00000000000000        12.574000000000000        2.0007814029079292     
   934.00000000000000        12.247600000000002        1.0804269937801854     
   935.00000000000000        11.921600000000002        1.3712452734649623     
   936.00000000000000        12.050000000000001       0.93886598262655840     
   937.00000000000000        12.431600000000000        1.7513438142054105     
   938.00000000000000        11.978000000000002        1.1284305718809449     
   939.00000000000000        12.100400000000002        1.3167724176941129     
   940.00000000000000        12.222000000000000        1.3321985170720199     
   941.00000000000000        11.846000000000000       0.80143038791068211     
   942.00000000000000        12.087199999999999        1.7309828165268166     
   943.00000000000000        12.318400000000000        1.7124497851518643     
   944.00000000000000        12.295600000000000        1.1977081076418874     
   945.00000000000000        11.905600000000002        1.0556635827762553     
   946.00000000000000        12.421600000000000        1.1305427605063567     
   947.00000000000000        12.591600000000001       0.88152080709041325     
   948.00000000000000        12.544799999999999        1.6314419525206663     
   949.00000000000000        12.322399999999998        1.8117602981017602     
   950.00000000000000        12.658799999999999        1.8562280032366711     
   951.00000000000000        11.953199999999999        1.2095590381071388     
   952.00000000000000        12.346399999999999        1.4757551136809774     
   953.00000000000000        12.168800000000001        1.5342001028404202     
   954.00000000000000        12.984000000000000        2.3334399975620159     
   955.00000000000000        12.591199999999999        2.0622419730854951     
   956.00000000000000        12.669599999999999        1.9464394387930204     
   957.00000000000000        12.388000000000000        1.5169302335088890     
   958.00000000000000        12.476399999999998        1.7211039867867755     
   959.00000000000000        12.114800000000001        1.2592428765818855     
   960.00000000000000        12.149999999999999        1.5852220314167003     
   961.00000000000000        11.850399999999999        1.3075170022263995     
   962.00000000000000        12.442000000000000        1.9999904444216168     
   963.00000000000000        11.953999999999999        1.2108549780125522     
   964.00000000000000        12.783199999999997        1.7378922610769374     
   965.00000000000000        12.216800000000001        1.9413514651167909     
   966.00000000000000        12.482000000000001        1.2725802310441747     
   967.00000000000000        11.998400000000000        1.8729429723773703     
   968.00000000000000        12.303200000000000        1.3934766114530472     
   969.00000000000000        12.174799999999999        1.1769339450925487     
   970.00000000000000        12.009600000000001        1.4787913382969968     
   971.00000000000000        12.589200000000002        1.2366924345922785     
   972.00000000000000        12.128400000000001        1.8277684754913572     
   973.00000000000000        12.548000000000000        1.9147910823086913     
   974.00000000000000        12.255200000000000       0.91503160844008213     
   975.00000000000000        12.697600000000000       0.81456998880800124     
   976.00000000000000        12.142400000000000        1.4274118925913120     
   977.00000000000000        12.549199999999999        1.8351850527338591     
   978.00000000000000        12.047599999999999        1.1158565419543061     
   979.00000000000000        12.713600000000000        1.8259776802822341     
   980.00000000000000        12.416800000000000        1.1920668139365718     
   981.00000000000000        12.932800000000000        1.3003969308552592     
   982.00000000000000        12.404800000000000        1.5309288973982069     
   983.00000000000000        12.499200000000000        2.5722013399680308     
   984.00000000000000        11.946400000000001        1.3220350642517433     
   985.00000000000000        12.434799999999999        1.1850176557522019     
   986.00000000000000        12.642000000000001       0.94628959626532938     
   987.00000000000000        12.985599999999996        1.4933538093834293     
   988.00000000000000        12.731599999999998        1.5267737371478607     
   989.00000000000000        12.893600000000001        1.3530110617926718     
   990.00000000000000        12.612799999999998        1.3660425241469529     
   991.00000000000000        12.390400000000001        1.3471328566007632     
   992.00000000000000        12.801200000000000        1.6084123849311780     
   993.00000000000000        12.839599999999999        1.7241205938745185     
   994.00000000000000        12.663600000000001        1.4859250168011697     
   995.00000000000000        12.741600000000000        2.0709042147493606     
   996.00000000000000        13.047200000000000        1.3967744429378868     
   997.00000000000000        12.678800000000001        1.0058425765938170     
   998.00000000000000        12.238800000000001       0.78637293951407039     
   999.00000000000000        13.042399999999997       0.99183188539635536     
   1000.0000000000000        12.544400000000000        1.8631952960200153     
   1001.0000000000000        12.980400000000003        1.7245762893469738     
   1002.0000000000000        13.428799999999999        1.9314324448162532     
   1003.0000000000000        12.587599999999998        1.1091353188658071     
   1004.0000000000000        13.024400000000000        2.0916209131782089     
   1005.0000000000000        12.895199999999999        1.8367341064448544     
   1006.0000000000000        12.764799999999999        2.1015175892144651     
   1007.0000000000000        13.389199999999999        1.8134029888582408     
   1008.0000000000000        12.570800000000000        1.1908854595542668     
   1009.0000000000000        13.217600000000001        1.5689251239126885     
   1010.0000000000000        12.424000000000001        1.0096547264618070     
   1011.0000000000000        12.235999999999999        1.8031685691828394     
   1012.0000000000000        12.375200000000001        1.4287259903688865     
   1013.0000000000000        12.288399999999999        1.4032171923436834     
   1014.0000000000000        12.705199999999998        1.1955830562718948     
   1015.0000000000000        12.564399999999997       0.83243247307047197     
   1016.0000000000000        13.017199999999999        1.5455467784717631     
   1017.0000000000000        12.345600000000001        1.1577713456848415     
   1018.0000000000000        13.321999999999999        2.2749052239110483     
   1019.0000000000000        12.486799999999999        2.0161040978415112     
   1020.0000000000000        13.014000000000001        2.5938904285947690     
   1021.0000000000000        13.124799999999999        1.3162746082958696     
   1022.0000000000000        12.807600000000003        1.1837063449653007     
   1023.0000000000000        12.683600000000002        1.0638938125792650     
   1024.0000000000000        12.026800000000000        1.3801887793583407     
   1025.0000000000000        13.353600000000000        1.9204593894864495     
   1026.0000000000000        12.708000000000002        1.5077966264276714     
   1027.0000000000000        12.832399999999998        1.3323375614977526     
   1028.0000000000000        12.507999999999999        1.2468841165080256     
   1029.0000000000000        12.995600000000001        1.4909450545058847     
   1030.0000000000000        13.082400000000002        1.4429589352746284     
   1031.0000000000000        12.833200000000000        1.0580032346096320     
   1032.0000000000000        12.681200000000000        1.2348323143020048     
   1033.0000000000000        12.479600000000000        1.7724122419898694     
   1034.0000000000000        12.784000000000001        1.2718909806530854     
   1035.0000000000000        12.851600000000001        1.1037768695609533     
   1036.0000000000000        12.653200000000002        1.2163815921731869     
   1037.0000000000000        13.148800000000000        1.0597522561638850     
   1038.0000000000000        12.177200000000003        1.5982824670390539     
   1039.0000000000000        12.483200000000000        1.5689767932566043     
   1040.0000000000000        12.482400000000000        1.6391403709126189     
   1041.0000000000000        13.069599999999999        1.2379986716919820     
   1042.0000000000000        12.878800000000002        1.6563521364734013     
   1043.0000000000000        13.573200000000000        1.7004637798749687     
   1044.0000000000000        13.172800000000001        1.0485593079183562     
   1045.0000000000000        12.950800000000001       0.89338119274784111     
   1046.0000000000000        12.456799999999999        1.1293259346471538     
   1047.0000000000000        12.307600000000001        1.2602538721314140     
   1048.0000000000000        12.913199999999998        1.1592028678746824     
   1049.0000000000000        13.353999999999999        1.4491122186436158     
   1050.0000000000000        12.490799999999998        1.9737765718428102     
   1051.0000000000000        12.924000000000001        1.5562279181833665     
   1052.0000000000000        12.312800000000001        1.4098709791246069     
   1053.0000000000000        13.293600000000001        1.5686724181790015     
   1054.0000000000000        12.859600000000000        1.0513152820263871     
   1055.0000000000000        12.622400000000001        1.1775533203308552     
   1056.0000000000000        12.426400000000001        1.2033762873220037     
   1057.0000000000000        12.889600000000002        1.3212885293446615     
   1058.0000000000000        12.234400000000003        1.5015774816283485     
   1059.0000000000000        13.202400000000003        1.7413366003032142     
   1060.0000000000000        13.019200000000001        1.8077362639500265     
   1061.0000000000000        12.607200000000001       0.99811520154516997     
